Command line:
   tb_fully_connected_isim_beh.exe
     -simmode  gui
     -simrunnum  0
     -socket  54035

Sun Nov 29 22:32:07 2020


 Elaboration Time: 0.01 sec

 Current Memory Usage: 197.165 Meg

 Total Signals          : 27
 Total Nets             : 68
 Total Signal Drivers   : 11
 Total Blocks           : 7
 Total Primitive Blocks : 5
 Total Processes        : 7
 Total Traceable Variables  : 14
 Total Scalar Nets and Variables : 552
Total Line Count : 33

 Total Simulation Time: 0.03 sec

 Current Memory Usage: 272.667 Meg

Sun Nov 29 22:36:03 2020

