Command line:
   module_fifo_regs_no_flags_tb_isim_beh.exe
     -simmode  gui
     -simrunnum  0
     -socket  55949

Sun Nov 15 20:55:14 2020


 Elaboration Time: 0.04 sec

 Current Memory Usage: 193.622 Meg

 Total Signals          : 22
 Total Nets             : 29
 Total Signal Drivers   : 13
 Total Blocks           : 6
 Total Primitive Blocks : 5
 Total Processes        : 9
 Total Traceable Variables  : 20
 Total Scalar Nets and Variables : 1037
Total Line Count : 63

** Failure:ASSERT FAILURE - MODULE_REGISTER_FIFO: FIFO IS EMPTY AND BEING READ 
User(VHDL) Code Called Simulation Stop
In process fifo_regs.vhd:p_ASSERT 
 

