Release 14.7 - xst P.20131013 (lin64)
Copyright (c) 1995-2013 Xilinx, Inc.  All rights reserved.
--> 
Parameter TMPDIR set to xst/projnav.tmp


Total REAL time to Xst completion: 3.00 secs
Total CPU time to Xst completion: 0.11 secs
 
--> 
Parameter xsthdpdir set to xst


Total REAL time to Xst completion: 3.00 secs
Total CPU time to Xst completion: 0.12 secs
 
--> 
Reading design: TASTE.prj

TABLE OF CONTENTS
  1) Synthesis Options Summary
  2) HDL Compilation
  3) Design Hierarchy Analysis
  4) HDL Analysis
  5) HDL Synthesis
     5.1) HDL Synthesis Report
  6) Advanced HDL Synthesis
     6.1) Advanced HDL Synthesis Report
  7) Low Level Synthesis
  8) Partition Report
  9) Final Report
	9.1) Device utilization summary
	9.2) Partition Resource Summary
	9.3) TIMING REPORT


=========================================================================
*                      Synthesis Options Summary                        *
=========================================================================
---- Source Parameters
Input File Name                    : "TASTE.prj"
Input Format                       : mixed
Ignore Synthesis Constraint File   : NO

---- Target Parameters
Output File Name                   : "TASTE"
Output Format                      : NGC
Target Device                      : xc3s1000-5-ft256

---- Source Options
Top Module Name                    : TASTE
Automatic FSM Extraction           : YES
FSM Encoding Algorithm             : Auto
Safe Implementation                : No
FSM Style                          : LUT
RAM Extraction                     : Yes
RAM Style                          : Auto
ROM Extraction                     : Yes
Mux Style                          : Auto
Decoder Extraction                 : YES
Priority Encoder Extraction        : Yes
Shift Register Extraction          : YES
Logical Shifter Extraction         : YES
XOR Collapsing                     : YES
ROM Style                          : Auto
Mux Extraction                     : Yes
Resource Sharing                   : YES
Asynchronous To Synchronous        : NO
Multiplier Style                   : Auto
Automatic Register Balancing       : No

---- Target Options
Add IO Buffers                     : YES
Global Maximum Fanout              : 500
Add Generic Clock Buffer(BUFG)     : 8
Register Duplication               : YES
Slice Packing                      : YES
Optimize Instantiated Primitives   : NO
Use Clock Enable                   : Yes
Use Synchronous Set                : Yes
Use Synchronous Reset              : Yes
Pack IO Registers into IOBs        : Auto
Equivalent register Removal        : YES

---- General Options
Optimization Goal                  : Speed
Optimization Effort                : 1
Keep Hierarchy                     : No
Netlist Hierarchy                  : As_Optimized
RTL Output                         : Yes
Global Optimization                : AllClockNets
Read Cores                         : YES
Write Timing Constraints           : NO
Cross Clock Analysis               : NO
Hierarchy Separator                : /
Bus Delimiter                      : <>
Case Specifier                     : Maintain
Slice Utilization Ratio            : 100
BRAM Utilization Ratio             : 100
Verilog 2001                       : YES
Auto BRAM Packing                  : NO
Slice Utilization Ratio Delta      : 5

---- Other Options
Cores Search Directories           : {"ipcore_dir"  }

=========================================================================


=========================================================================
*                          HDL Compilation                              *
=========================================================================
Compiling vhdl file "/home/jannis/fpga_bnn_accelerator/src/fpga_logic/TASTE-VHDL-XISE/memory10Bit_output_layer.vhd" in Library work.
Entity <memory10Bit_output_layer> compiled.
Entity <memory10Bit_output_layer> (Architecture <Behavioral>) compiled.
Compiling vhdl file "/home/jannis/fpga_bnn_accelerator/src/fpga_logic/TASTE-VHDL-XISE/xnor_popcount.vhd" in Library work.
Entity <xnor_popcount> compiled.
Entity <xnor_popcount> (Architecture <behavioral>) compiled.
Compiling vhdl file "/home/jannis/fpga_bnn_accelerator/src/fpga_logic/TASTE-VHDL-XISE/accumulator.vhd" in Library work.
Entity <accumulator> compiled.
Entity <accumulator> (Architecture <behavioral>) compiled.
Compiling vhdl file "/home/jannis/fpga_bnn_accelerator/src/fpga_logic/TASTE-VHDL-XISE/memory10Bit.vhd" in Library work.
Entity <memory10bit> compiled.
Entity <memory10bit> (Architecture <behavioral>) compiled.
Compiling vhdl file "/home/jannis/fpga_bnn_accelerator/src/fpga_logic/TASTE-VHDL-XISE/memory3Bit.vhd" in Library work.
Entity <memory3Bit> compiled.
Entity <memory3Bit> (Architecture <Behavioral>) compiled.
Compiling vhdl file "/home/jannis/fpga_bnn_accelerator/src/fpga_logic/TASTE-VHDL-XISE/memory3Bit_input_layer.vhd" in Library work.
Entity <memory3Bit_input_layer> compiled.
Entity <memory3Bit_input_layer> (Architecture <Behavioral>) compiled.
Compiling vhdl file "/home/jannis/fpga_bnn_accelerator/src/fpga_logic/TASTE-VHDL-XISE/subsample64to3.vhd" in Library work.
Entity <subsample64to3> compiled.
Entity <subsample64to3> (Architecture <Behavioral>) compiled.
Compiling vhdl file "/home/jannis/fpga_bnn_accelerator/src/fpga_logic/TASTE-VHDL-XISE/upsample.vhd" in Library work.
Architecture behavioral of Entity upsample1to64 is up to date.
Compiling vhdl file "/home/jannis/fpga_bnn_accelerator/src/fpga_logic/TASTE-VHDL-XISE/upsample3_64.vhd" in Library work.
Architecture behavioral of Entity upsample3_64 is up to date.
Compiling vhdl file "/home/jannis/fpga_bnn_accelerator/src/fpga_logic/TASTE-VHDL-XISE/input_layer.vhd" in Library work.
Entity <input_layer> compiled.
Entity <input_layer> (Architecture <Behavioral>) compiled.
Compiling vhdl file "/home/jannis/fpga_bnn_accelerator/src/fpga_logic/TASTE-VHDL-XISE/fully_connected2.vhd" in Library work.
Entity <fully_connected2> compiled.
Entity <fully_connected2> (Architecture <Behavioral>) compiled.
Compiling vhdl file "/home/jannis/fpga_bnn_accelerator/src/fpga_logic/TASTE-VHDL-XISE/fully_connected.vhd" in Library work.
Entity <fully_connected> compiled.
Entity <fully_connected> (Architecture <behavioral>) compiled.
Compiling vhdl file "/home/jannis/fpga_bnn_accelerator/src/fpga_logic/TASTE-VHDL-XISE/output_layer.vhd" in Library work.
Entity <output_layer> compiled.
Entity <output_layer> (Architecture <behavioral>) compiled.
Compiling vhdl file "/home/jannis/fpga_bnn_accelerator/src/fpga_logic/TASTE-VHDL-XISE/ZestSC1_Host.vhd" in Library work.
Architecture arch of Entity zestsc1_host is up to date.
Compiling vhdl file "/home/jannis/fpga_bnn_accelerator/src/fpga_logic/TASTE-VHDL-XISE/ZestSC1_SRAM.vhd" in Library work.
Architecture arch of Entity zestsc1_sram is up to date.
Compiling vhdl file "/home/jannis/fpga_bnn_accelerator/src/fpga_logic/TASTE-VHDL-XISE/ZestSC1_Interfaces.vhd" in Library work.
Architecture arch of Entity zestsc1_interfaces is up to date.
Compiling vhdl file "/home/jannis/fpga_bnn_accelerator/src/fpga_logic/TASTE-VHDL-XISE/accelerator.vhd" in Library work.
Entity <accelerator> compiled.
Entity <accelerator> (Architecture <arch>) compiled.
Compiling vhdl file "/home/jannis/fpga_bnn_accelerator/src/fpga_logic/TASTE-VHDL-XISE/Example1.vhd" in Library work.
Architecture arch of Entity taste is up to date.

=========================================================================
*                     Design Hierarchy Analysis                         *
=========================================================================
Analyzing hierarchy for entity <TASTE> in library <work> (architecture <arch>).

Analyzing hierarchy for entity <ZestSC1_Interfaces> in library <work> (architecture <arch>).

Analyzing hierarchy for entity <accelerator> in library <work> (architecture <arch>).

Analyzing hierarchy for entity <ZestSC1_Host> in library <work> (architecture <arch>).

Analyzing hierarchy for entity <ZestSC1_SRAM> in library <work> (architecture <arch>).

Analyzing hierarchy for entity <subsample64to3> in library <work> (architecture <Behavioral>).

Analyzing hierarchy for entity <upsample1to64> in library <work> (architecture <behavioral>).

Analyzing hierarchy for entity <upsample3_64> in library <work> (architecture <behavioral>).

Analyzing hierarchy for entity <input_layer> in library <work> (architecture <Behavioral>) with generics.
	INPUT_SIZE = 3
	NEURON_NUM = 3
	WEIGHT_SIZE = 3

Analyzing hierarchy for entity <fully_connected2> in library <work> (architecture <Behavioral>) with generics.
	INPUT_SIZE = 3
	NEURON_NUM = 10
	WEIGHT_SIZE = 3

Analyzing hierarchy for entity <fully_connected> in library <work> (architecture <behavioral>) with generics.
	INPUT_SIZE = 10
	NEURON_NUM = 10
	WEIGHT_SIZE = 10

Analyzing hierarchy for entity <output_layer> in library <work> (architecture <behavioral>) with generics.
	INPUT_SIZE = 10
	NEURON_NUM = 3
	WEIGHT_SIZE = 10

Analyzing hierarchy for entity <memory3Bit_input_layer> in library <work> (architecture <Behavioral>).

Analyzing hierarchy for entity <xnor_popcount> in library <work> (architecture <behavioral>) with generics.
	size = 3

Analyzing hierarchy for entity <accumulator> in library <work> (architecture <behavioral>) with generics.
	size = 3

Analyzing hierarchy for entity <memory3Bit> in library <work> (architecture <Behavioral>).

Analyzing hierarchy for entity <accumulator> in library <work> (architecture <behavioral>) with generics.
	size = 10

Analyzing hierarchy for entity <memory10Bit> in library <work> (architecture <behavioral>).

Analyzing hierarchy for entity <xnor_popcount> in library <work> (architecture <behavioral>) with generics.
	size = 10

Analyzing hierarchy for entity <memory10Bit_output_layer> in library <work> (architecture <Behavioral>).


=========================================================================
*                            HDL Analysis                               *
=========================================================================
Analyzing Entity <TASTE> in library <work> (Architecture <arch>).
WARNING:Xst:753 - "/home/jannis/fpga_bnn_accelerator/src/fpga_logic/TASTE-VHDL-XISE/Example1.vhd" line 298: Unconnected output port 'User_StreamDataIn' of component 'ZestSC1_Interfaces'.
WARNING:Xst:753 - "/home/jannis/fpga_bnn_accelerator/src/fpga_logic/TASTE-VHDL-XISE/Example1.vhd" line 298: Unconnected output port 'User_StreamDataInWE' of component 'ZestSC1_Interfaces'.
WARNING:Xst:753 - "/home/jannis/fpga_bnn_accelerator/src/fpga_logic/TASTE-VHDL-XISE/Example1.vhd" line 298: Unconnected output port 'User_StreamDataOutBusy' of component 'ZestSC1_Interfaces'.
WARNING:Xst:753 - "/home/jannis/fpga_bnn_accelerator/src/fpga_logic/TASTE-VHDL-XISE/Example1.vhd" line 298: Unconnected output port 'User_SRAM_DR_VALID' of component 'ZestSC1_Interfaces'.
WARNING:Xst:753 - "/home/jannis/fpga_bnn_accelerator/src/fpga_logic/TASTE-VHDL-XISE/Example1.vhd" line 298: Unconnected output port 'User_SRAM_DR' of component 'ZestSC1_Interfaces'.
Entity <TASTE> analyzed. Unit <TASTE> generated.

Analyzing Entity <ZestSC1_Interfaces> in library <work> (Architecture <arch>).
Entity <ZestSC1_Interfaces> analyzed. Unit <ZestSC1_Interfaces> generated.

Analyzing Entity <ZestSC1_Host> in library <work> (Architecture <arch>).
    Set user-defined property "CLKDV_DIVIDE =  2.0000000000000000" for instance <StreamDCM> in unit <ZestSC1_Host>.
    Set user-defined property "CLKFX_DIVIDE =  1" for instance <StreamDCM> in unit <ZestSC1_Host>.
    Set user-defined property "CLKFX_MULTIPLY =  2" for instance <StreamDCM> in unit <ZestSC1_Host>.
    Set user-defined property "CLKIN_DIVIDE_BY_2 =  FALSE" for instance <StreamDCM> in unit <ZestSC1_Host>.
    Set user-defined property "CLKOUT_PHASE_SHIFT =  NONE" for instance <StreamDCM> in unit <ZestSC1_Host>.
    Set user-defined property "CLK_FEEDBACK =  1X" for instance <StreamDCM> in unit <ZestSC1_Host>.
    Set user-defined property "DESKEW_ADJUST =  SYSTEM_SYNCHRONOUS" for instance <StreamDCM> in unit <ZestSC1_Host>.
    Set user-defined property "DFS_FREQUENCY_MODE =  LOW" for instance <StreamDCM> in unit <ZestSC1_Host>.
    Set user-defined property "DLL_FREQUENCY_MODE =  LOW" for instance <StreamDCM> in unit <ZestSC1_Host>.
    Set user-defined property "DSS_MODE =  NONE" for instance <StreamDCM> in unit <ZestSC1_Host>.
    Set user-defined property "DUTY_CYCLE_CORRECTION =  TRUE" for instance <StreamDCM> in unit <ZestSC1_Host>.
    Set user-defined property "PHASE_SHIFT =  0" for instance <StreamDCM> in unit <ZestSC1_Host>.
    Set user-defined property "STARTUP_WAIT =  FALSE" for instance <StreamDCM> in unit <ZestSC1_Host>.
    Set user-defined property "CLKDV_DIVIDE =  2.0000000000000000" for instance <RegDCM> in unit <ZestSC1_Host>.
    Set user-defined property "CLKFX_DIVIDE =  1" for instance <RegDCM> in unit <ZestSC1_Host>.
    Set user-defined property "CLKFX_MULTIPLY =  2" for instance <RegDCM> in unit <ZestSC1_Host>.
    Set user-defined property "CLKIN_DIVIDE_BY_2 =  FALSE" for instance <RegDCM> in unit <ZestSC1_Host>.
    Set user-defined property "CLKOUT_PHASE_SHIFT =  NONE" for instance <RegDCM> in unit <ZestSC1_Host>.
    Set user-defined property "CLK_FEEDBACK =  1X" for instance <RegDCM> in unit <ZestSC1_Host>.
    Set user-defined property "DESKEW_ADJUST =  SYSTEM_SYNCHRONOUS" for instance <RegDCM> in unit <ZestSC1_Host>.
    Set user-defined property "DFS_FREQUENCY_MODE =  LOW" for instance <RegDCM> in unit <ZestSC1_Host>.
    Set user-defined property "DLL_FREQUENCY_MODE =  LOW" for instance <RegDCM> in unit <ZestSC1_Host>.
    Set user-defined property "DSS_MODE =  NONE" for instance <RegDCM> in unit <ZestSC1_Host>.
    Set user-defined property "DUTY_CYCLE_CORRECTION =  TRUE" for instance <RegDCM> in unit <ZestSC1_Host>.
    Set user-defined property "PHASE_SHIFT =  0" for instance <RegDCM> in unit <ZestSC1_Host>.
    Set user-defined property "STARTUP_WAIT =  FALSE" for instance <RegDCM> in unit <ZestSC1_Host>.
Entity <ZestSC1_Host> analyzed. Unit <ZestSC1_Host> generated.

Analyzing Entity <ZestSC1_SRAM> in library <work> (Architecture <arch>).
WARNING:Xst:753 - "/home/jannis/fpga_bnn_accelerator/src/fpga_logic/TASTE-VHDL-XISE/ZestSC1_SRAM.vhd" line 226: Unconnected output port 'CLK90' of component 'DCM'.
WARNING:Xst:753 - "/home/jannis/fpga_bnn_accelerator/src/fpga_logic/TASTE-VHDL-XISE/ZestSC1_SRAM.vhd" line 226: Unconnected output port 'CLK180' of component 'DCM'.
WARNING:Xst:753 - "/home/jannis/fpga_bnn_accelerator/src/fpga_logic/TASTE-VHDL-XISE/ZestSC1_SRAM.vhd" line 226: Unconnected output port 'CLK270' of component 'DCM'.
WARNING:Xst:753 - "/home/jannis/fpga_bnn_accelerator/src/fpga_logic/TASTE-VHDL-XISE/ZestSC1_SRAM.vhd" line 226: Unconnected output port 'CLKDV' of component 'DCM'.
WARNING:Xst:753 - "/home/jannis/fpga_bnn_accelerator/src/fpga_logic/TASTE-VHDL-XISE/ZestSC1_SRAM.vhd" line 226: Unconnected output port 'CLK2X' of component 'DCM'.
WARNING:Xst:753 - "/home/jannis/fpga_bnn_accelerator/src/fpga_logic/TASTE-VHDL-XISE/ZestSC1_SRAM.vhd" line 226: Unconnected output port 'CLK2X180' of component 'DCM'.
WARNING:Xst:753 - "/home/jannis/fpga_bnn_accelerator/src/fpga_logic/TASTE-VHDL-XISE/ZestSC1_SRAM.vhd" line 226: Unconnected output port 'CLKFX' of component 'DCM'.
WARNING:Xst:753 - "/home/jannis/fpga_bnn_accelerator/src/fpga_logic/TASTE-VHDL-XISE/ZestSC1_SRAM.vhd" line 226: Unconnected output port 'CLKFX180' of component 'DCM'.
WARNING:Xst:753 - "/home/jannis/fpga_bnn_accelerator/src/fpga_logic/TASTE-VHDL-XISE/ZestSC1_SRAM.vhd" line 226: Unconnected output port 'STATUS' of component 'DCM'.
WARNING:Xst:753 - "/home/jannis/fpga_bnn_accelerator/src/fpga_logic/TASTE-VHDL-XISE/ZestSC1_SRAM.vhd" line 226: Unconnected output port 'PSDONE' of component 'DCM'.
WARNING:Xst:2211 - "/home/jannis/fpga_bnn_accelerator/src/fpga_logic/TASTE-VHDL-XISE/ZestSC1_SRAM.vhd" line 226: Instantiating black box module <DCM>.
    Set user-defined property "CLKDV_DIVIDE =  2.0000000000000000" for instance <DCM_INST> in unit <ZestSC1_SRAM>.
    Set user-defined property "CLKFX_DIVIDE =  1" for instance <DCM_INST> in unit <ZestSC1_SRAM>.
    Set user-defined property "CLKFX_MULTIPLY =  4" for instance <DCM_INST> in unit <ZestSC1_SRAM>.
    Set user-defined property "CLKIN_DIVIDE_BY_2 =  FALSE" for instance <DCM_INST> in unit <ZestSC1_SRAM>.
    Set user-defined property "CLKOUT_PHASE_SHIFT =  FIXED" for instance <DCM_INST> in unit <ZestSC1_SRAM>.
    Set user-defined property "CLK_FEEDBACK =  1X" for instance <DCM_INST> in unit <ZestSC1_SRAM>.
    Set user-defined property "DESKEW_ADJUST =  SYSTEM_SYNCHRONOUS" for instance <DCM_INST> in unit <ZestSC1_SRAM>.
    Set user-defined property "DFS_FREQUENCY_MODE =  LOW" for instance <DCM_INST> in unit <ZestSC1_SRAM>.
    Set user-defined property "DLL_FREQUENCY_MODE =  LOW" for instance <DCM_INST> in unit <ZestSC1_SRAM>.
    Set user-defined property "DSS_MODE =  NONE" for instance <DCM_INST> in unit <ZestSC1_SRAM>.
    Set user-defined property "DUTY_CYCLE_CORRECTION =  TRUE" for instance <DCM_INST> in unit <ZestSC1_SRAM>.
    Set user-defined property "PHASE_SHIFT =  -25" for instance <DCM_INST> in unit <ZestSC1_SRAM>.
    Set user-defined property "STARTUP_WAIT =  FALSE" for instance <DCM_INST> in unit <ZestSC1_SRAM>.
WARNING:Xst:2211 - "/home/jannis/fpga_bnn_accelerator/src/fpga_logic/TASTE-VHDL-XISE/ZestSC1_SRAM.vhd" line 253: Instantiating black box module <BUFG>.
WARNING:Xst:2211 - "/home/jannis/fpga_bnn_accelerator/src/fpga_logic/TASTE-VHDL-XISE/ZestSC1_SRAM.vhd" line 264: Instantiating black box module <OFDDRCPE>.
Entity <ZestSC1_SRAM> analyzed. Unit <ZestSC1_SRAM> generated.

Analyzing Entity <accelerator> in library <work> (Architecture <arch>).
WARNING:Xst:752 - "/home/jannis/fpga_bnn_accelerator/src/fpga_logic/TASTE-VHDL-XISE/accelerator.vhd" line 183: Unconnected input port 'weights_in' of component 'input_layer' is tied to default value.
WARNING:Xst:753 - "/home/jannis/fpga_bnn_accelerator/src/fpga_logic/TASTE-VHDL-XISE/accelerator.vhd" line 183: Unconnected output port 'finish_fc' of component 'input_layer'.
WARNING:Xst:752 - "/home/jannis/fpga_bnn_accelerator/src/fpga_logic/TASTE-VHDL-XISE/accelerator.vhd" line 193: Unconnected input port 'weights_in' of component 'fully_connected2' is tied to default value.
WARNING:Xst:753 - "/home/jannis/fpga_bnn_accelerator/src/fpga_logic/TASTE-VHDL-XISE/accelerator.vhd" line 193: Unconnected output port 'finish_fc' of component 'fully_connected2'.
WARNING:Xst:752 - "/home/jannis/fpga_bnn_accelerator/src/fpga_logic/TASTE-VHDL-XISE/accelerator.vhd" line 203: Unconnected input port 'weights_in' of component 'fully_connected' is tied to default value.
WARNING:Xst:753 - "/home/jannis/fpga_bnn_accelerator/src/fpga_logic/TASTE-VHDL-XISE/accelerator.vhd" line 203: Unconnected output port 'finish_fc' of component 'fully_connected'.
WARNING:Xst:752 - "/home/jannis/fpga_bnn_accelerator/src/fpga_logic/TASTE-VHDL-XISE/accelerator.vhd" line 213: Unconnected input port 'weights_in' of component 'output_layer' is tied to default value.
Entity <accelerator> analyzed. Unit <accelerator> generated.

Analyzing Entity <subsample64to3> in library <work> (Architecture <Behavioral>).
Entity <subsample64to3> analyzed. Unit <subsample64to3> generated.

Analyzing Entity <upsample1to64> in library <work> (Architecture <behavioral>).
Entity <upsample1to64> analyzed. Unit <upsample1to64> generated.

Analyzing Entity <upsample3_64> in library <work> (Architecture <behavioral>).
Entity <upsample3_64> analyzed. Unit <upsample3_64> generated.

Analyzing generic Entity <input_layer> in library <work> (Architecture <Behavioral>).
	INPUT_SIZE = 3
	NEURON_NUM = 3
	WEIGHT_SIZE = 3
Entity <input_layer> analyzed. Unit <input_layer> generated.

Analyzing Entity <memory3Bit_input_layer> in library <work> (Architecture <Behavioral>).
Entity <memory3Bit_input_layer> analyzed. Unit <memory3Bit_input_layer> generated.

Analyzing generic Entity <xnor_popcount.1> in library <work> (Architecture <behavioral>).
	size = 3
WARNING:Xst:819 - "/home/jannis/fpga_bnn_accelerator/src/fpga_logic/TASTE-VHDL-XISE/xnor_popcount.vhd" line 54: One or more signals are missing in the process sensitivity list. To enable synthesis of FPGA/CPLD hardware, XST will assume that all necessary signals are present in the sensitivity list. Please note that the result of the synthesis may differ from the initial design specification. The missing signals are:
   <wei>, <d_in>
Entity <xnor_popcount.1> analyzed. Unit <xnor_popcount.1> generated.

Analyzing generic Entity <accumulator.1> in library <work> (Architecture <behavioral>).
	size = 3
WARNING:Xst:790 - "/home/jannis/fpga_bnn_accelerator/src/fpga_logic/TASTE-VHDL-XISE/accumulator.vhd" line 56: Index value(s) does not match array range, simulation mismatch.
Entity <accumulator.1> analyzed. Unit <accumulator.1> generated.

Analyzing generic Entity <fully_connected2> in library <work> (Architecture <Behavioral>).
	INPUT_SIZE = 3
	NEURON_NUM = 10
	WEIGHT_SIZE = 3
Entity <fully_connected2> analyzed. Unit <fully_connected2> generated.

Analyzing Entity <memory3Bit> in library <work> (Architecture <Behavioral>).
Entity <memory3Bit> analyzed. Unit <memory3Bit> generated.

Analyzing generic Entity <accumulator.2> in library <work> (Architecture <behavioral>).
	size = 10
WARNING:Xst:790 - "/home/jannis/fpga_bnn_accelerator/src/fpga_logic/TASTE-VHDL-XISE/accumulator.vhd" line 56: Index value(s) does not match array range, simulation mismatch.
Entity <accumulator.2> analyzed. Unit <accumulator.2> generated.

Analyzing generic Entity <fully_connected> in library <work> (Architecture <behavioral>).
	INPUT_SIZE = 10
	NEURON_NUM = 10
	WEIGHT_SIZE = 10
Entity <fully_connected> analyzed. Unit <fully_connected> generated.

Analyzing Entity <memory10Bit> in library <work> (Architecture <behavioral>).
Entity <memory10Bit> analyzed. Unit <memory10Bit> generated.

Analyzing generic Entity <xnor_popcount.2> in library <work> (Architecture <behavioral>).
	size = 10
WARNING:Xst:819 - "/home/jannis/fpga_bnn_accelerator/src/fpga_logic/TASTE-VHDL-XISE/xnor_popcount.vhd" line 54: One or more signals are missing in the process sensitivity list. To enable synthesis of FPGA/CPLD hardware, XST will assume that all necessary signals are present in the sensitivity list. Please note that the result of the synthesis may differ from the initial design specification. The missing signals are:
   <wei>, <d_in>
Entity <xnor_popcount.2> analyzed. Unit <xnor_popcount.2> generated.

Analyzing generic Entity <output_layer> in library <work> (Architecture <behavioral>).
	INPUT_SIZE = 10
	NEURON_NUM = 3
	WEIGHT_SIZE = 10
Entity <output_layer> analyzed. Unit <output_layer> generated.

Analyzing Entity <memory10Bit_output_layer> in library <work> (Architecture <Behavioral>).
Entity <memory10Bit_output_layer> analyzed. Unit <memory10Bit_output_layer> generated.


=========================================================================
*                           HDL Synthesis                               *
=========================================================================

Performing bidirectional port resolution...
INFO:Xst:2561 - Always blocking tristate driving signal <IO_CLK_N> in unit <TASTE> is removed.
INFO:Xst:2561 - Always blocking tristate driving signal <IO_CLK_P> in unit <TASTE> is removed.
INFO:Xst:2679 - Register <FIFOOutWriteCount> in unit <ZestSC1_Host> has a constant value of 0000 during circuit operation. The register is replaced by logic.
INFO:Xst:2679 - Register <FIFOInReadCount> in unit <ZestSC1_Host> has a constant value of 0000 during circuit operation. The register is replaced by logic.
INFO:Xst:2679 - Register <RegFIFOOutWriteCountG> in unit <ZestSC1_Host> has a constant value of 0000 during circuit operation. The register is replaced by logic.
INFO:Xst:2679 - Register <RegFIFOInReadCountG> in unit <ZestSC1_Host> has a constant value of 0000 during circuit operation. The register is replaced by logic.

Synthesizing Unit <subsample64to3>.
    Related source file is "/home/jannis/fpga_bnn_accelerator/src/fpga_logic/TASTE-VHDL-XISE/subsample64to3.vhd".
WARNING:Xst:647 - Input <data_full<63:3>> is never used. This port will be preserved and left unconnected if it belongs to a top-level block or it belongs to a sub-block and the hierarchy of this sub-block is preserved.
Unit <subsample64to3> synthesized.


Synthesizing Unit <upsample1to64>.
    Related source file is "/home/jannis/fpga_bnn_accelerator/src/fpga_logic/TASTE-VHDL-XISE/upsample.vhd".
Unit <upsample1to64> synthesized.


Synthesizing Unit <upsample3_64>.
    Related source file is "/home/jannis/fpga_bnn_accelerator/src/fpga_logic/TASTE-VHDL-XISE/upsample3_64.vhd".
Unit <upsample3_64> synthesized.


Synthesizing Unit <memory3Bit_input_layer>.
    Related source file is "/home/jannis/fpga_bnn_accelerator/src/fpga_logic/TASTE-VHDL-XISE/memory3Bit_input_layer.vhd".
    Found 3-bit register for signal <douta>.
    Summary:
	inferred   3 D-type flip-flop(s).
Unit <memory3Bit_input_layer> synthesized.


Synthesizing Unit <xnor_popcount_1>.
    Related source file is "/home/jannis/fpga_bnn_accelerator/src/fpga_logic/TASTE-VHDL-XISE/xnor_popcount.vhd".
WARNING:Xst:646 - Signal <sig_res<6:0>> is assigned but never used. This unconnected signal will be trimmed during the optimization process.
WARNING:Xst:646 - Signal <sig_pop> is assigned but never used. This unconnected signal will be trimmed during the optimization process.
WARNING:Xst:646 - Signal <sig_count> is assigned but never used. This unconnected signal will be trimmed during the optimization process.
    Found 1-bit register for signal <res>.
    Found 3-bit xor2 for signal <cou$xor0000>.
    Found 4-bit adder for signal <pop$add0000> created at line 71.
    Found 4-bit adder for signal <pop$addsub0000> created at line 71.
    Found 8-bit register for signal <sig_res>.
    Found 8-bit subtractor for signal <sig_res$sub0000> created at line 77.
    Summary:
	inferred   9 D-type flip-flop(s).
	inferred   3 Adder/Subtractor(s).
Unit <xnor_popcount_1> synthesized.


Synthesizing Unit <accumulator_1>.
    Related source file is "/home/jannis/fpga_bnn_accelerator/src/fpga_logic/TASTE-VHDL-XISE/accumulator.vhd".
    Found 3-bit register for signal <o>.
    Found 3-bit register for signal <tmp>.
    Summary:
	inferred   6 D-type flip-flop(s).
Unit <accumulator_1> synthesized.


Synthesizing Unit <memory3Bit>.
    Related source file is "/home/jannis/fpga_bnn_accelerator/src/fpga_logic/TASTE-VHDL-XISE/memory3Bit.vhd".
    Found 3-bit register for signal <douta>.
    Summary:
	inferred   3 D-type flip-flop(s).
Unit <memory3Bit> synthesized.


Synthesizing Unit <accumulator_2>.
    Related source file is "/home/jannis/fpga_bnn_accelerator/src/fpga_logic/TASTE-VHDL-XISE/accumulator.vhd".
    Found 10-bit register for signal <o>.
    Found 10-bit register for signal <tmp>.
    Summary:
	inferred  20 D-type flip-flop(s).
Unit <accumulator_2> synthesized.


Synthesizing Unit <memory10Bit>.
    Related source file is "/home/jannis/fpga_bnn_accelerator/src/fpga_logic/TASTE-VHDL-XISE/memory10Bit.vhd".
    Found 10-bit register for signal <douta>.
    Summary:
	inferred  10 D-type flip-flop(s).
Unit <memory10Bit> synthesized.


Synthesizing Unit <xnor_popcount_2>.
    Related source file is "/home/jannis/fpga_bnn_accelerator/src/fpga_logic/TASTE-VHDL-XISE/xnor_popcount.vhd".
WARNING:Xst:646 - Signal <sig_res<6:0>> is assigned but never used. This unconnected signal will be trimmed during the optimization process.
WARNING:Xst:646 - Signal <sig_pop> is assigned but never used. This unconnected signal will be trimmed during the optimization process.
WARNING:Xst:646 - Signal <sig_count> is assigned but never used. This unconnected signal will be trimmed during the optimization process.
    Found 1-bit register for signal <res>.
    Found 10-bit xor2 for signal <cou$xor0000>.
    Found 4-bit adder for signal <pop$add0000> created at line 71.
    Found 4-bit adder for signal <pop$addsub0000> created at line 71.
    Found 4-bit adder for signal <pop$addsub0001> created at line 71.
    Found 4-bit adder for signal <pop$addsub0002> created at line 71.
    Found 4-bit adder for signal <pop$addsub0003> created at line 71.
    Found 4-bit adder for signal <pop$addsub0004> created at line 71.
    Found 4-bit adder for signal <pop$addsub0005> created at line 71.
    Found 4-bit adder for signal <pop$addsub0006> created at line 71.
    Found 4-bit adder for signal <pop$addsub0007> created at line 71.
    Found 8-bit register for signal <sig_res>.
    Found 8-bit subtractor for signal <sig_res$sub0000> created at line 77.
    Summary:
	inferred   9 D-type flip-flop(s).
	inferred  10 Adder/Subtractor(s).
Unit <xnor_popcount_2> synthesized.


Synthesizing Unit <memory10Bit_output_layer>.
    Related source file is "/home/jannis/fpga_bnn_accelerator/src/fpga_logic/TASTE-VHDL-XISE/memory10Bit_output_layer.vhd".
    Found 10-bit register for signal <douta>.
    Summary:
	inferred  10 D-type flip-flop(s).
Unit <memory10Bit_output_layer> synthesized.


Synthesizing Unit <ZestSC1_Host>.
    Related source file is "/home/jannis/fpga_bnn_accelerator/src/fpga_logic/TASTE-VHDL-XISE/ZestSC1_Host.vhd".
WARNING:Xst:647 - Input <USB_StreamFlags_n<2>> is never used. This port will be preserved and left unconnected if it belongs to a top-level block or it belongs to a sub-block and the hierarchy of this sub-block is preserved.
WARNING:Xst:646 - Signal <RegLastOE> is assigned but never used. This unconnected signal will be trimmed during the optimization process.
WARNING:Xst:646 - Signal <FIFOOutDataCount<2:0>> is assigned but never used. This unconnected signal will be trimmed during the optimization process.
WARNING:Xst:646 - Signal <FIFOInDataCount<2:0>> is assigned but never used. This unconnected signal will be trimmed during the optimization process.
    Found 16x16-bit dual-port RAM <Mram_FIFOIn> for signal <FIFOIn>.
    Found 16x16-bit dual-port RAM <Mram_FIFOOut> for signal <FIFOOut>.
    Found 16-bit subtractor for signal <User_RegAddr>.
    Found 8-bit tristate buffer for signal <USB_RegData>.
    Found 16-bit tristate buffer for signal <USB_StreamData>.
    Found 1-bit register for signal <DataOutRegFull>.
    Found 4-bit up counter for signal <FIFOInWriteCount>.
    Found 1-bit xor2 for signal <FIFOInWriteCountG$xor0000> created at line 515.
    Found 1-bit xor2 for signal <FIFOInWriteCountG$xor0001> created at line 515.
    Found 1-bit xor2 for signal <FIFOInWriteCountG$xor0002> created at line 515.
    Found 1-bit xor2 for signal <FIFOInWriteCountInUser$xor0000> created at line 527.
    Found 1-bit xor2 for signal <FIFOInWriteCountInUser$xor0001> created at line 527.
    Found 1-bit xor2 for signal <FIFOInWriteCountInUser$xor0002> created at line 527.
    Found 4-bit adder for signal <FIFOOutDataCount>.
    Found 4-bit up counter for signal <FIFOOutReadCount>.
    Found 1-bit xor2 for signal <FIFOOutReadCountG$xor0000> created at line 494.
    Found 1-bit xor2 for signal <FIFOOutReadCountG$xor0001> created at line 494.
    Found 1-bit xor2 for signal <FIFOOutReadCountG$xor0002> created at line 494.
    Found 1-bit xor2 for signal <FIFOOutReadCountInUser$xor0000> created at line 506.
    Found 1-bit xor2 for signal <FIFOOutReadCountInUser$xor0001> created at line 506.
    Found 1-bit xor2 for signal <FIFOOutReadCountInUser$xor0002> created at line 506.
    Found 1-bit register for signal <FX2FIFOEmpty>.
    Found 1-bit register for signal <FX2FIFOFull>.
    Found 1-bit register for signal <Granted>.
    Found 12-bit down counter for signal <GrantPeriod>.
    Found 3-bit up counter for signal <IntCounter>.
    Found 1-bit register for signal <LastDir>.
    Found 1-bit register for signal <ReadCycle>.
    Found 4-bit register for signal <RegFIFOInWriteCountG>.
    Found 4-bit register for signal <RegFIFOOutReadCountG>.
    Found 1-bit register for signal <RegLastCS>.
    Found 1-bit register for signal <RegLastRD>.
    Found 1-bit register for signal <RegLastWR>.
    Found 8-bit register for signal <RegOutput>.
    Found 16-bit register for signal <StreamDataIn>.
    Found 16-bit register for signal <StreamDataOut>.
    Found 1-bit register for signal <StreamRead>.
    Found 1-bit register for signal <StreamWrite>.
    Found 1-bit register for signal <WriteCycle>.
    Summary:
	inferred   2 RAM(s).
	inferred   4 Counter(s).
	inferred  60 D-type flip-flop(s).
	inferred   2 Adder/Subtractor(s).
	inferred  24 Tristate(s).
Unit <ZestSC1_Host> synthesized.


Synthesizing Unit <ZestSC1_SRAM>.
    Related source file is "/home/jannis/fpga_bnn_accelerator/src/fpga_logic/TASTE-VHDL-XISE/ZestSC1_SRAM.vhd".
WARNING:Xst:646 - Signal <dcm_locked> is assigned but never used. This unconnected signal will be trimmed during the optimization process.
    Register <S_WE_N> equivalent to <OutputEnable0_n> has been removed
    Found 9-bit tristate buffer for signal <S_DA>.
    Found 9-bit tristate buffer for signal <S_DB>.
    Found 18-bit register for signal <USER_DR>.
    Found 23-bit register for signal <S_A>.
    Found 1-bit register for signal <USER_DR_VALID>.
    Found 18-bit register for signal <Data0>.
    Found 18-bit register for signal <Data1>.
    Found 1-bit register for signal <OutputEnable0_n>.
    Found 1-bit register for signal <OutputEnable1_n>.
    Found 1-bit register for signal <ReadDataValid0>.
    Found 1-bit register for signal <ReadDataValid1>.
    Found 1-bit register for signal <ReadDataValid2>.
    Found 18-bit register for signal <S_DataOut>.
    Found 1-bit register for signal <S_OutputEnable_n>.
    Summary:
	inferred 102 D-type flip-flop(s).
	inferred  18 Tristate(s).
Unit <ZestSC1_SRAM> synthesized.


Synthesizing Unit <input_layer>.
    Related source file is "/home/jannis/fpga_bnn_accelerator/src/fpga_logic/TASTE-VHDL-XISE/input_layer.vhd".
WARNING:Xst:647 - Input <calc_pos> is never used. This port will be preserved and left unconnected if it belongs to a top-level block or it belongs to a sub-block and the hierarchy of this sub-block is preserved.
WARNING:Xst:647 - Input <weights_in> is never used. This port will be preserved and left unconnected if it belongs to a top-level block or it belongs to a sub-block and the hierarchy of this sub-block is preserved.
    Found 1-bit register for signal <finish_fc>.
    Found 4-bit up counter for signal <counter>.
    Summary:
	inferred   1 Counter(s).
	inferred   1 D-type flip-flop(s).
Unit <input_layer> synthesized.


Synthesizing Unit <fully_connected2>.
    Related source file is "/home/jannis/fpga_bnn_accelerator/src/fpga_logic/TASTE-VHDL-XISE/fully_connected2.vhd".
WARNING:Xst:647 - Input <calc_pos> is never used. This port will be preserved and left unconnected if it belongs to a top-level block or it belongs to a sub-block and the hierarchy of this sub-block is preserved.
WARNING:Xst:647 - Input <weights_in> is never used. This port will be preserved and left unconnected if it belongs to a top-level block or it belongs to a sub-block and the hierarchy of this sub-block is preserved.
    Found 1-bit register for signal <finish_fc>.
    Found 4-bit up counter for signal <counter>.
    Summary:
	inferred   1 Counter(s).
	inferred   1 D-type flip-flop(s).
Unit <fully_connected2> synthesized.


Synthesizing Unit <fully_connected>.
    Related source file is "/home/jannis/fpga_bnn_accelerator/src/fpga_logic/TASTE-VHDL-XISE/fully_connected.vhd".
WARNING:Xst:647 - Input <calc_pos> is never used. This port will be preserved and left unconnected if it belongs to a top-level block or it belongs to a sub-block and the hierarchy of this sub-block is preserved.
WARNING:Xst:647 - Input <weights_in> is never used. This port will be preserved and left unconnected if it belongs to a top-level block or it belongs to a sub-block and the hierarchy of this sub-block is preserved.
    Found 1-bit register for signal <finish_fc>.
    Found 4-bit up counter for signal <counter>.
    Summary:
	inferred   1 Counter(s).
	inferred   1 D-type flip-flop(s).
Unit <fully_connected> synthesized.


Synthesizing Unit <output_layer>.
    Related source file is "/home/jannis/fpga_bnn_accelerator/src/fpga_logic/TASTE-VHDL-XISE/output_layer.vhd".
WARNING:Xst:647 - Input <calc_pos> is never used. This port will be preserved and left unconnected if it belongs to a top-level block or it belongs to a sub-block and the hierarchy of this sub-block is preserved.
WARNING:Xst:647 - Input <weights_in> is never used. This port will be preserved and left unconnected if it belongs to a top-level block or it belongs to a sub-block and the hierarchy of this sub-block is preserved.
    Found 1-bit register for signal <finish_fc>.
    Found 4-bit up counter for signal <counter>.
    Summary:
	inferred   1 Counter(s).
	inferred   1 D-type flip-flop(s).
Unit <output_layer> synthesized.


Synthesizing Unit <ZestSC1_Interfaces>.
    Related source file is "/home/jannis/fpga_bnn_accelerator/src/fpga_logic/TASTE-VHDL-XISE/ZestSC1_Interfaces.vhd".
Unit <ZestSC1_Interfaces> synthesized.


Synthesizing Unit <accelerator>.
    Related source file is "/home/jannis/fpga_bnn_accelerator/src/fpga_logic/TASTE-VHDL-XISE/accelerator.vhd".
WARNING:Xst:1305 - Output <buf_ful> is never assigned. Tied to value 0000000000000000000000000000000000000000000000000000000000000000.
WARNING:Xst:1780 - Signal <w2> is never used or assigned. This unconnected signal will be trimmed during the optimization process.
WARNING:Xst:1780 - Signal <w1> is never used or assigned. This unconnected signal will be trimmed during the optimization process.
WARNING:Xst:1780 - Signal <sub2fifo_data> is never used or assigned. This unconnected signal will be trimmed during the optimization process.
WARNING:Xst:1780 - Signal <fifo2up_buf> is never used or assigned. This unconnected signal will be trimmed during the optimization process.
WARNING:Xst:1780 - Signal <fifo2fc> is never used or assigned. This unconnected signal will be trimmed during the optimization process.
WARNING:Xst:1780 - Signal <fc22up3_64_act> is never used or assigned. This unconnected signal will be trimmed during the optimization process.
WARNING:Xst:1780 - Signal <fc22up1_64_res> is never used or assigned. This unconnected signal will be trimmed during the optimization process.
WARNING:Xst:1780 - Signal <fc12fc2_fin> is never used or assigned. This unconnected signal will be trimmed during the optimization process.
WARNING:Xst:1780 - Signal <fc12fc2_act> is never used or assigned. This unconnected signal will be trimmed during the optimization process.
WARNING:Xst:1780 - Signal <counter2> is never used or assigned. This unconnected signal will be trimmed during the optimization process.
WARNING:Xst:653 - Signal <calc_start> is used but never assigned. This sourceless signal will be automatically connected to value 0.
    Found finite state machine <FSM_0> for signal <state>.
    -----------------------------------------------------------------------
    | States             | 3                                              |
    | Transitions        | 4                                              |
    | Inputs             | 1                                              |
    | Outputs            | 3                                              |
    | Clock              | CLK                       (rising_edge)        |
    | Clock enable       | RST                       (negative)           |
    | Power Up State     | wait_for_start_signal                          |
    | Encoding           | automatic                                      |
    | Implementation     | LUT                                            |
    -----------------------------------------------------------------------
    Found 1-bit register for signal <finish_accelerator>.
    Found 4-bit register for signal <counter1>.
    Found 4-bit adder for signal <counter1$addsub0000> created at line 232.
    Summary:
	inferred   1 Finite State Machine(s).
	inferred   5 D-type flip-flop(s).
	inferred   1 Adder/Subtractor(s).
Unit <accelerator> synthesized.


Synthesizing Unit <TASTE>.
    Related source file is "/home/jannis/fpga_bnn_accelerator/src/fpga_logic/TASTE-VHDL-XISE/Example1.vhd".
WARNING:Xst:2565 - Inout <User_Signals<4>> is never assigned.
WARNING:Xst:2565 - Inout <User_Signals<5>> is never assigned.
WARNING:Xst:2565 - Inout <User_Signals<6>> is never assigned.
WARNING:Xst:2565 - Inout <User_Signals<7>> is never assigned.
WARNING:Xst:2565 - Inout <IO_CLK_N> is never assigned.
WARNING:Xst:2565 - Inout <IO_CLK_P> is never assigned.
WARNING:Xst:2565 - Inout <User_Signals<0>> is never assigned.
WARNING:Xst:2565 - Inout <User_Signals<1>> is never assigned.
WARNING:Xst:2565 - Inout <User_Signals<2>> is never assigned.
WARNING:Xst:2565 - Inout <User_Signals<3>> is never assigned.
    Found 39-bit tristate buffer for signal <IO<40:2>>.
    Found 64-bit register for signal <accelerator_data_in>.
    Found 1-bit register for signal <accelerator_StartCalculationsInternal>.
    Found 1-bit register for signal <accelerator_StartCalculationsInternalOld>.
    Found 1-bit register for signal <accelerator_StartCalculationsPulse>.
    Found 1-bit xor2 for signal <accelerator_StartCalculationsPulse$xor0000> created at line 228.
    Found 22-bit up counter for signal <Count>.
    Found 1-bit register for signal <Dir>.
    Found 8-bit register for signal <LEDVal>.
    Summary:
	inferred   1 Counter(s).
	inferred  68 D-type flip-flop(s).
	inferred  39 Tristate(s).
Unit <TASTE> synthesized.


=========================================================================
HDL Synthesis Report

Macro Statistics
# RAMs                                                 : 2
 16x16-bit dual-port RAM                               : 2
# Adders/Subtractors                                   : 29
 16-bit subtractor                                     : 1
 4-bit adder                                           : 24
 8-bit subtractor                                      : 4
# Counters                                             : 9
 12-bit down counter                                   : 1
 22-bit up counter                                     : 1
 3-bit up counter                                      : 1
 4-bit up counter                                      : 6
# Registers                                            : 146
 1-bit register                                        : 122
 10-bit register                                       : 4
 16-bit register                                       : 2
 18-bit register                                       : 4
 23-bit register                                       : 1
 3-bit register                                        : 4
 4-bit register                                        : 3
 8-bit register                                        : 6
# Tristates                                            : 43
 1-bit tristate buffer                                 : 39
 16-bit tristate buffer                                : 1
 8-bit tristate buffer                                 : 1
 9-bit tristate buffer                                 : 2
# Xors                                                 : 17
 1-bit xor2                                            : 13
 10-bit xor2                                           : 2
 3-bit xor2                                            : 2

=========================================================================

=========================================================================
*                       Advanced HDL Synthesis                          *
=========================================================================

Analyzing FSM <FSM_0> for best encoding.
Optimizing FSM <Interface_accelerator/state/FSM> on signal <state[1:2]> with user encoding.
-----------------------------------
 State                 | Encoding
-----------------------------------
 wait_for_start_signal | 00
 signal_received       | 01
 work_done             | 10
-----------------------------------
INFO:Xst:2261 - The FF/Latch <S_A_0> in Unit <INST_SRAM> is equivalent to the following 40 FFs/Latches, which will be removed : <S_A_1> <S_A_2> <S_A_3> <S_A_4> <S_A_5> <S_A_6> <S_A_7> <S_A_8> <S_A_9> <S_A_10> <S_A_11> <S_A_12> <S_A_13> <S_A_14> <S_A_15> <S_A_16> <S_A_17> <S_A_18> <S_A_19> <S_A_20> <S_A_21> <S_A_22> <Data0_0> <Data0_1> <Data0_2> <Data0_3> <Data0_4> <Data0_5> <Data0_6> <Data0_7> <Data0_8> <Data0_9> <Data0_10> <Data0_11> <Data0_12> <Data0_13> <Data0_14> <Data0_15> <Data0_16> <Data0_17> 
INFO:Xst:2261 - The FF/Latch <Data1_0> in Unit <INST_SRAM> is equivalent to the following 17 FFs/Latches, which will be removed : <Data1_1> <Data1_2> <Data1_3> <Data1_4> <Data1_5> <Data1_6> <Data1_7> <Data1_8> <Data1_9> <Data1_10> <Data1_11> <Data1_12> <Data1_13> <Data1_14> <Data1_15> <Data1_16> <Data1_17> 
INFO:Xst:2261 - The FF/Latch <S_DataOut_0> in Unit <INST_SRAM> is equivalent to the following 17 FFs/Latches, which will be removed : <S_DataOut_1> <S_DataOut_2> <S_DataOut_3> <S_DataOut_4> <S_DataOut_5> <S_DataOut_6> <S_DataOut_7> <S_DataOut_8> <S_DataOut_9> <S_DataOut_10> <S_DataOut_11> <S_DataOut_12> <S_DataOut_13> <S_DataOut_14> <S_DataOut_15> <S_DataOut_16> <S_DataOut_17> 
WARNING:Xst:1710 - FF/Latch <RegOutput_3> (without init value) has a constant value of 0 in block <INST_ZestSC1_Host>. This FF/Latch will be trimmed during the optimization process.
WARNING:Xst:1710 - FF/Latch <RegOutput_4> (without init value) has a constant value of 0 in block <INST_ZestSC1_Host>. This FF/Latch will be trimmed during the optimization process.
WARNING:Xst:1710 - FF/Latch <RegOutput_5> (without init value) has a constant value of 0 in block <INST_ZestSC1_Host>. This FF/Latch will be trimmed during the optimization process.
WARNING:Xst:1710 - FF/Latch <RegOutput_6> (without init value) has a constant value of 0 in block <INST_ZestSC1_Host>. This FF/Latch will be trimmed during the optimization process.
WARNING:Xst:1710 - FF/Latch <RegOutput_7> (without init value) has a constant value of 0 in block <INST_ZestSC1_Host>. This FF/Latch will be trimmed during the optimization process.
WARNING:Xst:1710 - FF/Latch <S_A_0> (without init value) has a constant value of 0 in block <INST_SRAM>. This FF/Latch will be trimmed during the optimization process.
WARNING:Xst:1710 - FF/Latch <OutputEnable0_n> (without init value) has a constant value of 1 in block <INST_SRAM>. This FF/Latch will be trimmed during the optimization process.
WARNING:Xst:1710 - FF/Latch <douta_0> (without init value) has a constant value of 0 in block <weights>. This FF/Latch will be trimmed during the optimization process.
WARNING:Xst:1710 - FF/Latch <douta_2> (without init value) has a constant value of 0 in block <weights>. This FF/Latch will be trimmed during the optimization process.
WARNING:Xst:1710 - FF/Latch <douta_1> (without init value) has a constant value of 0 in block <weights>. This FF/Latch will be trimmed during the optimization process.
WARNING:Xst:1895 - Due to other FF/Latch trimming, FF/Latch <Data1_0> (without init value) has a constant value of 0 in block <INST_SRAM>. This FF/Latch will be trimmed during the optimization process.
WARNING:Xst:1895 - Due to other FF/Latch trimming, FF/Latch <OutputEnable1_n> (without init value) has a constant value of 1 in block <INST_SRAM>. This FF/Latch will be trimmed during the optimization process.
WARNING:Xst:1895 - Due to other FF/Latch trimming, FF/Latch <S_DataOut_0> (without init value) has a constant value of 0 in block <INST_SRAM>. This FF/Latch will be trimmed during the optimization process.
WARNING:Xst:1895 - Due to other FF/Latch trimming, FF/Latch <S_OutputEnable_n> (without init value) has a constant value of 1 in block <INST_SRAM>. This FF/Latch will be trimmed during the optimization process.
WARNING:Xst:2677 - Node <sig_res_0> of sequential type is unconnected in block <xnor_pop1>.
WARNING:Xst:2677 - Node <sig_res_1> of sequential type is unconnected in block <xnor_pop1>.
WARNING:Xst:2677 - Node <sig_res_2> of sequential type is unconnected in block <xnor_pop1>.
WARNING:Xst:2677 - Node <sig_res_3> of sequential type is unconnected in block <xnor_pop1>.
WARNING:Xst:2677 - Node <sig_res_4> of sequential type is unconnected in block <xnor_pop1>.
WARNING:Xst:2677 - Node <sig_res_5> of sequential type is unconnected in block <xnor_pop1>.
WARNING:Xst:2677 - Node <sig_res_6> of sequential type is unconnected in block <xnor_pop1>.
WARNING:Xst:2677 - Node <sig_res_0> of sequential type is unconnected in block <xnor_pop1>.
WARNING:Xst:2677 - Node <sig_res_1> of sequential type is unconnected in block <xnor_pop1>.
WARNING:Xst:2677 - Node <sig_res_2> of sequential type is unconnected in block <xnor_pop1>.
WARNING:Xst:2677 - Node <sig_res_3> of sequential type is unconnected in block <xnor_pop1>.
WARNING:Xst:2677 - Node <sig_res_4> of sequential type is unconnected in block <xnor_pop1>.
WARNING:Xst:2677 - Node <sig_res_5> of sequential type is unconnected in block <xnor_pop1>.
WARNING:Xst:2677 - Node <sig_res_6> of sequential type is unconnected in block <xnor_pop1>.
WARNING:Xst:2677 - Node <sig_res_0> of sequential type is unconnected in block <xnor_pop1>.
WARNING:Xst:2677 - Node <sig_res_1> of sequential type is unconnected in block <xnor_pop1>.
WARNING:Xst:2677 - Node <sig_res_2> of sequential type is unconnected in block <xnor_pop1>.
WARNING:Xst:2677 - Node <sig_res_3> of sequential type is unconnected in block <xnor_pop1>.
WARNING:Xst:2677 - Node <sig_res_4> of sequential type is unconnected in block <xnor_pop1>.
WARNING:Xst:2677 - Node <sig_res_5> of sequential type is unconnected in block <xnor_pop1>.
WARNING:Xst:2677 - Node <sig_res_6> of sequential type is unconnected in block <xnor_pop1>.
WARNING:Xst:2677 - Node <sig_res_0> of sequential type is unconnected in block <xnor_pop1>.
WARNING:Xst:2677 - Node <sig_res_1> of sequential type is unconnected in block <xnor_pop1>.
WARNING:Xst:2677 - Node <sig_res_2> of sequential type is unconnected in block <xnor_pop1>.
WARNING:Xst:2677 - Node <sig_res_3> of sequential type is unconnected in block <xnor_pop1>.
WARNING:Xst:2677 - Node <sig_res_4> of sequential type is unconnected in block <xnor_pop1>.
WARNING:Xst:2677 - Node <sig_res_5> of sequential type is unconnected in block <xnor_pop1>.
WARNING:Xst:2677 - Node <sig_res_6> of sequential type is unconnected in block <xnor_pop1>.
WARNING:Xst:2404 -  FFs/Latches <S_A<22:0>> (without init value) have a constant value of 0 in block <ZestSC1_SRAM>.
WARNING:Xst:2404 -  FFs/Latches <Data0<17:0>> (without init value) have a constant value of 0 in block <ZestSC1_SRAM>.
WARNING:Xst:2404 -  FFs/Latches <Data1<17:0>> (without init value) have a constant value of 0 in block <ZestSC1_SRAM>.
WARNING:Xst:2404 -  FFs/Latches <S_DataOut<17:0>> (without init value) have a constant value of 0 in block <ZestSC1_SRAM>.

Synthesizing (advanced) Unit <ZestSC1_Host>.
INFO:Xst:3231 - The small RAM <Mram_FIFOOut> will be implemented on LUTs in order to maximize performance and save block RAM resources. If you want to force its implementation on block, use option/constraint ram_style.
    -----------------------------------------------------------------------
    | ram_type           | Distributed                         |          |
    -----------------------------------------------------------------------
    | Port A                                                              |
    |     aspect ratio   | 16-word x 16-bit                    |          |
    |     clkA           | connected to signal <RegCLK>        | rise     |
    |     weA            | connected to signal <GND>           | high     |
    |     addrA          | connected to signal <GND>           |          |
    |     diA            | connected to signal <GND>           |          |
    -----------------------------------------------------------------------
    | Port B                                                              |
    |     aspect ratio   | 16-word x 16-bit                    |          |
    |     addrB          | connected to signal <FIFOOutReadCount> |          |
    |     doB            | connected to internal node          |          |
    -----------------------------------------------------------------------
INFO:Xst:3218 - HDL ADVISOR - The RAM <Mram_FIFOIn> will be implemented on LUTs either because you have described an asynchronous read or because of currently unsupported block RAM features. If you have described an asynchronous read, making it synchronous would allow you to take advantage of available block RAM resources, for optimized device usage and improved timings. Please refer to your documentation for coding guidelines.
    -----------------------------------------------------------------------
    | ram_type           | Distributed                         |          |
    -----------------------------------------------------------------------
    | Port A                                                              |
    |     aspect ratio   | 16-word x 16-bit                    |          |
    |     clkA           | connected to signal <StreamCLK>     | rise     |
    |     weA            | connected to signal <ReadCycle>     | high     |
    |     addrA          | connected to signal <FIFOInWriteCount> |          |
    |     diA            | connected to signal <StreamDataIn>  |          |
    -----------------------------------------------------------------------
    | Port B                                                              |
    |     aspect ratio   | 16-word x 16-bit                    |          |
    |     addrB          | connected to signal <GND>           |          |
    |     doB            | connected to signal <User_StreamDataIn> |          |
    -----------------------------------------------------------------------
Unit <ZestSC1_Host> synthesized (advanced).
WARNING:Xst:2677 - Node <sig_res_0> of sequential type is unconnected in block <xnor_popcount_1>.
WARNING:Xst:2677 - Node <sig_res_1> of sequential type is unconnected in block <xnor_popcount_1>.
WARNING:Xst:2677 - Node <sig_res_2> of sequential type is unconnected in block <xnor_popcount_1>.
WARNING:Xst:2677 - Node <sig_res_3> of sequential type is unconnected in block <xnor_popcount_1>.
WARNING:Xst:2677 - Node <sig_res_4> of sequential type is unconnected in block <xnor_popcount_1>.
WARNING:Xst:2677 - Node <sig_res_5> of sequential type is unconnected in block <xnor_popcount_1>.
WARNING:Xst:2677 - Node <sig_res_6> of sequential type is unconnected in block <xnor_popcount_1>.
WARNING:Xst:2677 - Node <sig_res_0> of sequential type is unconnected in block <xnor_popcount_2>.
WARNING:Xst:2677 - Node <sig_res_1> of sequential type is unconnected in block <xnor_popcount_2>.
WARNING:Xst:2677 - Node <sig_res_2> of sequential type is unconnected in block <xnor_popcount_2>.
WARNING:Xst:2677 - Node <sig_res_3> of sequential type is unconnected in block <xnor_popcount_2>.
WARNING:Xst:2677 - Node <sig_res_4> of sequential type is unconnected in block <xnor_popcount_2>.
WARNING:Xst:2677 - Node <sig_res_5> of sequential type is unconnected in block <xnor_popcount_2>.
WARNING:Xst:2677 - Node <sig_res_6> of sequential type is unconnected in block <xnor_popcount_2>.

=========================================================================
Advanced HDL Synthesis Report

Macro Statistics
# FSMs                                                 : 1
# RAMs                                                 : 2
 16x16-bit dual-port distributed RAM                   : 2
# Adders/Subtractors                                   : 18
 16-bit subtractor                                     : 1
 4-bit adder                                           : 3
 4-bit adder carry in                                  : 10
 8-bit subtractor                                      : 4
# Counters                                             : 9
 12-bit down counter                                   : 1
 22-bit up counter                                     : 1
 3-bit up counter                                      : 1
 4-bit up counter                                      : 6
# Registers                                            : 252
 Flip-Flops                                            : 252
# Xors                                                 : 17
 1-bit xor2                                            : 13
 10-bit xor2                                           : 2
 3-bit xor2                                            : 2

=========================================================================

=========================================================================
*                         Low Level Synthesis                           *
=========================================================================
WARNING:Xst:1710 - FF/Latch <douta_0> (without init value) has a constant value of 0 in block <memory3Bit_input_layer>. This FF/Latch will be trimmed during the optimization process.
WARNING:Xst:1895 - Due to other FF/Latch trimming, FF/Latch <douta_2> (without init value) has a constant value of 0 in block <memory3Bit_input_layer>. This FF/Latch will be trimmed during the optimization process.
WARNING:Xst:1710 - FF/Latch <douta_1> (without init value) has a constant value of 0 in block <memory10Bit_output_layer>. This FF/Latch will be trimmed during the optimization process.
WARNING:Xst:1710 - FF/Latch <ReadDataValid0> (without init value) has a constant value of 0 in block <ZestSC1_SRAM>. This FF/Latch will be trimmed during the optimization process.
WARNING:Xst:1895 - Due to other FF/Latch trimming, FF/Latch <OutputEnable0_n> (without init value) has a constant value of 1 in block <ZestSC1_SRAM>. This FF/Latch will be trimmed during the optimization process.
WARNING:Xst:1895 - Due to other FF/Latch trimming, FF/Latch <ReadDataValid1> (without init value) has a constant value of 0 in block <ZestSC1_SRAM>. This FF/Latch will be trimmed during the optimization process.
WARNING:Xst:1895 - Due to other FF/Latch trimming, FF/Latch <OutputEnable1_n> (without init value) has a constant value of 1 in block <ZestSC1_SRAM>. This FF/Latch will be trimmed during the optimization process.
WARNING:Xst:1895 - Due to other FF/Latch trimming, FF/Latch <ReadDataValid2> (without init value) has a constant value of 0 in block <ZestSC1_SRAM>. This FF/Latch will be trimmed during the optimization process.
WARNING:Xst:1895 - Due to other FF/Latch trimming, FF/Latch <S_OutputEnable_n> (without init value) has a constant value of 1 in block <ZestSC1_SRAM>. This FF/Latch will be trimmed during the optimization process.
WARNING:Xst:1895 - Due to other FF/Latch trimming, FF/Latch <USER_DR_VALID> (without init value) has a constant value of 0 in block <ZestSC1_SRAM>. This FF/Latch will be trimmed during the optimization process.
WARNING:Xst:2677 - Node <RegFIFOInWriteCountG_0> of sequential type is unconnected in block <ZestSC1_Host>.
WARNING:Xst:2677 - Node <RegFIFOInWriteCountG_1> of sequential type is unconnected in block <ZestSC1_Host>.
WARNING:Xst:2677 - Node <RegFIFOInWriteCountG_2> of sequential type is unconnected in block <ZestSC1_Host>.
WARNING:Xst:2677 - Node <RegFIFOInWriteCountG_3> of sequential type is unconnected in block <ZestSC1_Host>.
WARNING:Xst:2677 - Node <fc1/finish_fc> of sequential type is unconnected in block <accelerator>.
WARNING:Xst:2677 - Node <fc2/finish_fc> of sequential type is unconnected in block <accelerator>.
WARNING:Xst:2677 - Node <fc3/finish_fc> of sequential type is unconnected in block <accelerator>.
WARNING:Xst:2677 - Node <Interfaces/INST_ZestSC1_Host/Mram_FIFOIn16> of sequential type is unconnected in block <TASTE>.
WARNING:Xst:2677 - Node <Interfaces/INST_ZestSC1_Host/Mram_FIFOIn15> of sequential type is unconnected in block <TASTE>.
WARNING:Xst:2677 - Node <Interfaces/INST_ZestSC1_Host/Mram_FIFOIn13> of sequential type is unconnected in block <TASTE>.
WARNING:Xst:2677 - Node <Interfaces/INST_ZestSC1_Host/Mram_FIFOIn12> of sequential type is unconnected in block <TASTE>.
WARNING:Xst:2677 - Node <Interfaces/INST_ZestSC1_Host/Mram_FIFOIn14> of sequential type is unconnected in block <TASTE>.
WARNING:Xst:2677 - Node <Interfaces/INST_ZestSC1_Host/Mram_FIFOIn10> of sequential type is unconnected in block <TASTE>.
WARNING:Xst:2677 - Node <Interfaces/INST_ZestSC1_Host/Mram_FIFOIn9> of sequential type is unconnected in block <TASTE>.
WARNING:Xst:2677 - Node <Interfaces/INST_ZestSC1_Host/Mram_FIFOIn11> of sequential type is unconnected in block <TASTE>.
WARNING:Xst:2677 - Node <Interfaces/INST_ZestSC1_Host/Mram_FIFOIn7> of sequential type is unconnected in block <TASTE>.
WARNING:Xst:2677 - Node <Interfaces/INST_ZestSC1_Host/Mram_FIFOIn6> of sequential type is unconnected in block <TASTE>.
WARNING:Xst:2677 - Node <Interfaces/INST_ZestSC1_Host/Mram_FIFOIn8> of sequential type is unconnected in block <TASTE>.
WARNING:Xst:2677 - Node <Interfaces/INST_ZestSC1_Host/Mram_FIFOIn4> of sequential type is unconnected in block <TASTE>.
WARNING:Xst:2677 - Node <Interfaces/INST_ZestSC1_Host/Mram_FIFOIn3> of sequential type is unconnected in block <TASTE>.
WARNING:Xst:2677 - Node <Interfaces/INST_ZestSC1_Host/Mram_FIFOIn5> of sequential type is unconnected in block <TASTE>.
WARNING:Xst:2677 - Node <Interfaces/INST_ZestSC1_Host/Mram_FIFOIn1> of sequential type is unconnected in block <TASTE>.
WARNING:Xst:2677 - Node <Interfaces/INST_ZestSC1_Host/Mram_FIFOIn2> of sequential type is unconnected in block <TASTE>.
WARNING:Xst:2677 - Node <Interfaces/INST_ZestSC1_Host/StreamDataIn_15> of sequential type is unconnected in block <TASTE>.
WARNING:Xst:2677 - Node <Interfaces/INST_ZestSC1_Host/StreamDataIn_14> of sequential type is unconnected in block <TASTE>.
WARNING:Xst:2677 - Node <Interfaces/INST_ZestSC1_Host/StreamDataIn_13> of sequential type is unconnected in block <TASTE>.
WARNING:Xst:2677 - Node <Interfaces/INST_ZestSC1_Host/StreamDataIn_12> of sequential type is unconnected in block <TASTE>.
WARNING:Xst:2677 - Node <Interfaces/INST_ZestSC1_Host/StreamDataIn_11> of sequential type is unconnected in block <TASTE>.
WARNING:Xst:2677 - Node <Interfaces/INST_ZestSC1_Host/StreamDataIn_10> of sequential type is unconnected in block <TASTE>.
WARNING:Xst:2677 - Node <Interfaces/INST_ZestSC1_Host/StreamDataIn_9> of sequential type is unconnected in block <TASTE>.
WARNING:Xst:2677 - Node <Interfaces/INST_ZestSC1_Host/StreamDataIn_8> of sequential type is unconnected in block <TASTE>.
WARNING:Xst:2677 - Node <Interfaces/INST_ZestSC1_Host/StreamDataIn_7> of sequential type is unconnected in block <TASTE>.
WARNING:Xst:2677 - Node <Interfaces/INST_ZestSC1_Host/StreamDataIn_6> of sequential type is unconnected in block <TASTE>.
WARNING:Xst:2677 - Node <Interfaces/INST_ZestSC1_Host/StreamDataIn_5> of sequential type is unconnected in block <TASTE>.
WARNING:Xst:2677 - Node <Interfaces/INST_ZestSC1_Host/StreamDataIn_4> of sequential type is unconnected in block <TASTE>.
WARNING:Xst:2677 - Node <Interfaces/INST_ZestSC1_Host/StreamDataIn_3> of sequential type is unconnected in block <TASTE>.
WARNING:Xst:2677 - Node <Interfaces/INST_ZestSC1_Host/StreamDataIn_2> of sequential type is unconnected in block <TASTE>.
WARNING:Xst:2677 - Node <Interfaces/INST_ZestSC1_Host/StreamDataIn_1> of sequential type is unconnected in block <TASTE>.
WARNING:Xst:2677 - Node <Interfaces/INST_ZestSC1_Host/StreamDataIn_0> of sequential type is unconnected in block <TASTE>.
WARNING:Xst:2677 - Node <Interfaces/INST_ZestSC1_Host/RegFIFOOutReadCountG_3> of sequential type is unconnected in block <TASTE>.
WARNING:Xst:2677 - Node <Interfaces/INST_ZestSC1_Host/RegFIFOOutReadCountG_2> of sequential type is unconnected in block <TASTE>.
WARNING:Xst:2677 - Node <Interfaces/INST_ZestSC1_Host/RegFIFOOutReadCountG_1> of sequential type is unconnected in block <TASTE>.
WARNING:Xst:2677 - Node <Interfaces/INST_ZestSC1_Host/RegFIFOOutReadCountG_0> of sequential type is unconnected in block <TASTE>.
WARNING:Xst:2677 - Node <Interfaces/INST_SRAM/USER_DR_17> of sequential type is unconnected in block <TASTE>.
WARNING:Xst:2677 - Node <Interfaces/INST_SRAM/USER_DR_16> of sequential type is unconnected in block <TASTE>.
WARNING:Xst:2677 - Node <Interfaces/INST_SRAM/USER_DR_15> of sequential type is unconnected in block <TASTE>.
WARNING:Xst:2677 - Node <Interfaces/INST_SRAM/USER_DR_14> of sequential type is unconnected in block <TASTE>.
WARNING:Xst:2677 - Node <Interfaces/INST_SRAM/USER_DR_13> of sequential type is unconnected in block <TASTE>.
WARNING:Xst:2677 - Node <Interfaces/INST_SRAM/USER_DR_12> of sequential type is unconnected in block <TASTE>.
WARNING:Xst:2677 - Node <Interfaces/INST_SRAM/USER_DR_11> of sequential type is unconnected in block <TASTE>.
WARNING:Xst:2677 - Node <Interfaces/INST_SRAM/USER_DR_10> of sequential type is unconnected in block <TASTE>.
WARNING:Xst:2677 - Node <Interfaces/INST_SRAM/USER_DR_9> of sequential type is unconnected in block <TASTE>.
WARNING:Xst:2677 - Node <Interfaces/INST_SRAM/USER_DR_8> of sequential type is unconnected in block <TASTE>.
WARNING:Xst:2677 - Node <Interfaces/INST_SRAM/USER_DR_7> of sequential type is unconnected in block <TASTE>.
WARNING:Xst:2677 - Node <Interfaces/INST_SRAM/USER_DR_6> of sequential type is unconnected in block <TASTE>.
WARNING:Xst:2677 - Node <Interfaces/INST_SRAM/USER_DR_5> of sequential type is unconnected in block <TASTE>.
WARNING:Xst:2677 - Node <Interfaces/INST_SRAM/USER_DR_4> of sequential type is unconnected in block <TASTE>.
WARNING:Xst:2677 - Node <Interfaces/INST_SRAM/USER_DR_3> of sequential type is unconnected in block <TASTE>.
WARNING:Xst:2677 - Node <Interfaces/INST_SRAM/USER_DR_2> of sequential type is unconnected in block <TASTE>.
WARNING:Xst:2677 - Node <Interfaces/INST_SRAM/USER_DR_1> of sequential type is unconnected in block <TASTE>.
WARNING:Xst:2677 - Node <Interfaces/INST_SRAM/USER_DR_0> of sequential type is unconnected in block <TASTE>.

Optimizing unit <TASTE> ...

Optimizing unit <memory3Bit> ...

Optimizing unit <memory10Bit> ...

Optimizing unit <memory10Bit_output_layer> ...

Optimizing unit <accelerator> ...
WARNING:Xst:1710 - FF/Latch <Interfaces/INST_ZestSC1_Host/RegOutput_7> (without init value) has a constant value of 0 in block <TASTE>. This FF/Latch will be trimmed during the optimization process.
WARNING:Xst:1710 - FF/Latch <Interfaces/INST_ZestSC1_Host/RegOutput_6> (without init value) has a constant value of 0 in block <TASTE>. This FF/Latch will be trimmed during the optimization process.
WARNING:Xst:1710 - FF/Latch <Interfaces/INST_ZestSC1_Host/RegOutput_5> (without init value) has a constant value of 0 in block <TASTE>. This FF/Latch will be trimmed during the optimization process.
WARNING:Xst:1710 - FF/Latch <Interfaces/INST_ZestSC1_Host/RegOutput_4> (without init value) has a constant value of 0 in block <TASTE>. This FF/Latch will be trimmed during the optimization process.
WARNING:Xst:1710 - FF/Latch <Interfaces/INST_ZestSC1_Host/RegOutput_3> (without init value) has a constant value of 0 in block <TASTE>. This FF/Latch will be trimmed during the optimization process.
WARNING:Xst:2677 - Node <accelerator_data_in_22> of sequential type is unconnected in block <TASTE>.
WARNING:Xst:2677 - Node <accelerator_data_in_17> of sequential type is unconnected in block <TASTE>.
WARNING:Xst:2677 - Node <accelerator_data_in_18> of sequential type is unconnected in block <TASTE>.
WARNING:Xst:2677 - Node <accelerator_data_in_23> of sequential type is unconnected in block <TASTE>.
WARNING:Xst:2677 - Node <accelerator_data_in_19> of sequential type is unconnected in block <TASTE>.
WARNING:Xst:2677 - Node <accelerator_data_in_24> of sequential type is unconnected in block <TASTE>.
WARNING:Xst:2677 - Node <accelerator_data_in_3> of sequential type is unconnected in block <TASTE>.
WARNING:Xst:2677 - Node <accelerator_data_in_4> of sequential type is unconnected in block <TASTE>.
WARNING:Xst:2677 - Node <accelerator_data_in_30> of sequential type is unconnected in block <TASTE>.
WARNING:Xst:2677 - Node <accelerator_data_in_25> of sequential type is unconnected in block <TASTE>.
WARNING:Xst:2677 - Node <accelerator_data_in_31> of sequential type is unconnected in block <TASTE>.
WARNING:Xst:2677 - Node <accelerator_data_in_26> of sequential type is unconnected in block <TASTE>.
WARNING:Xst:2677 - Node <accelerator_data_in_5> of sequential type is unconnected in block <TASTE>.
WARNING:Xst:2677 - Node <accelerator_data_in_6> of sequential type is unconnected in block <TASTE>.
WARNING:Xst:2677 - Node <accelerator_data_in_27> of sequential type is unconnected in block <TASTE>.
WARNING:Xst:2677 - Node <accelerator_data_in_32> of sequential type is unconnected in block <TASTE>.
WARNING:Xst:2677 - Node <accelerator_data_in_28> of sequential type is unconnected in block <TASTE>.
WARNING:Xst:2677 - Node <accelerator_data_in_33> of sequential type is unconnected in block <TASTE>.
WARNING:Xst:2677 - Node <accelerator_data_in_7> of sequential type is unconnected in block <TASTE>.
WARNING:Xst:2677 - Node <accelerator_data_in_29> of sequential type is unconnected in block <TASTE>.
WARNING:Xst:2677 - Node <accelerator_data_in_35> of sequential type is unconnected in block <TASTE>.
WARNING:Xst:2677 - Node <accelerator_data_in_34> of sequential type is unconnected in block <TASTE>.
WARNING:Xst:2677 - Node <accelerator_data_in_8> of sequential type is unconnected in block <TASTE>.
WARNING:Xst:2677 - Node <accelerator_data_in_40> of sequential type is unconnected in block <TASTE>.
WARNING:Xst:2677 - Node <accelerator_data_in_9> of sequential type is unconnected in block <TASTE>.
WARNING:Xst:2677 - Node <accelerator_data_in_36> of sequential type is unconnected in block <TASTE>.
WARNING:Xst:2677 - Node <accelerator_data_in_41> of sequential type is unconnected in block <TASTE>.
WARNING:Xst:2677 - Node <accelerator_data_in_37> of sequential type is unconnected in block <TASTE>.
WARNING:Xst:2677 - Node <accelerator_data_in_42> of sequential type is unconnected in block <TASTE>.
WARNING:Xst:2677 - Node <accelerator_data_in_38> of sequential type is unconnected in block <TASTE>.
WARNING:Xst:2677 - Node <accelerator_data_in_43> of sequential type is unconnected in block <TASTE>.
WARNING:Xst:2677 - Node <accelerator_data_in_39> of sequential type is unconnected in block <TASTE>.
WARNING:Xst:2677 - Node <accelerator_data_in_44> of sequential type is unconnected in block <TASTE>.
WARNING:Xst:2677 - Node <accelerator_data_in_46> of sequential type is unconnected in block <TASTE>.
WARNING:Xst:2677 - Node <accelerator_data_in_45> of sequential type is unconnected in block <TASTE>.
WARNING:Xst:2677 - Node <accelerator_data_in_50> of sequential type is unconnected in block <TASTE>.
WARNING:Xst:2677 - Node <accelerator_data_in_51> of sequential type is unconnected in block <TASTE>.
WARNING:Xst:2677 - Node <accelerator_data_in_47> of sequential type is unconnected in block <TASTE>.
WARNING:Xst:2677 - Node <accelerator_data_in_52> of sequential type is unconnected in block <TASTE>.
WARNING:Xst:2677 - Node <accelerator_data_in_53> of sequential type is unconnected in block <TASTE>.
WARNING:Xst:2677 - Node <accelerator_data_in_49> of sequential type is unconnected in block <TASTE>.
WARNING:Xst:2677 - Node <accelerator_data_in_48> of sequential type is unconnected in block <TASTE>.
WARNING:Xst:2677 - Node <accelerator_data_in_54> of sequential type is unconnected in block <TASTE>.
WARNING:Xst:2677 - Node <accelerator_data_in_55> of sequential type is unconnected in block <TASTE>.
WARNING:Xst:2677 - Node <accelerator_data_in_60> of sequential type is unconnected in block <TASTE>.
WARNING:Xst:2677 - Node <accelerator_data_in_62> of sequential type is unconnected in block <TASTE>.
WARNING:Xst:2677 - Node <accelerator_data_in_61> of sequential type is unconnected in block <TASTE>.
WARNING:Xst:2677 - Node <accelerator_data_in_56> of sequential type is unconnected in block <TASTE>.
WARNING:Xst:2677 - Node <accelerator_data_in_57> of sequential type is unconnected in block <TASTE>.
WARNING:Xst:2677 - Node <accelerator_data_in_63> of sequential type is unconnected in block <TASTE>.
WARNING:Xst:2677 - Node <accelerator_data_in_58> of sequential type is unconnected in block <TASTE>.
WARNING:Xst:2677 - Node <accelerator_data_in_59> of sequential type is unconnected in block <TASTE>.
WARNING:Xst:2677 - Node <accelerator_data_in_11> of sequential type is unconnected in block <TASTE>.
WARNING:Xst:2677 - Node <accelerator_data_in_10> of sequential type is unconnected in block <TASTE>.
WARNING:Xst:2677 - Node <accelerator_data_in_12> of sequential type is unconnected in block <TASTE>.
WARNING:Xst:2677 - Node <accelerator_data_in_13> of sequential type is unconnected in block <TASTE>.
WARNING:Xst:2677 - Node <accelerator_data_in_14> of sequential type is unconnected in block <TASTE>.
WARNING:Xst:2677 - Node <accelerator_data_in_21> of sequential type is unconnected in block <TASTE>.
WARNING:Xst:2677 - Node <accelerator_data_in_15> of sequential type is unconnected in block <TASTE>.
WARNING:Xst:2677 - Node <accelerator_data_in_20> of sequential type is unconnected in block <TASTE>.
WARNING:Xst:2677 - Node <accelerator_data_in_16> of sequential type is unconnected in block <TASTE>.
INFO:Xst:2399 - RAMs <Interfaces/INST_ZestSC1_Host/Mram_FIFOOut16>, <Interfaces/INST_ZestSC1_Host/Mram_FIFOOut14> are equivalent, second RAM is removed
INFO:Xst:2399 - RAMs <Interfaces/INST_ZestSC1_Host/Mram_FIFOOut16>, <Interfaces/INST_ZestSC1_Host/Mram_FIFOOut13> are equivalent, second RAM is removed
INFO:Xst:2399 - RAMs <Interfaces/INST_ZestSC1_Host/Mram_FIFOOut16>, <Interfaces/INST_ZestSC1_Host/Mram_FIFOOut15> are equivalent, second RAM is removed
INFO:Xst:2399 - RAMs <Interfaces/INST_ZestSC1_Host/Mram_FIFOOut16>, <Interfaces/INST_ZestSC1_Host/Mram_FIFOOut11> are equivalent, second RAM is removed
INFO:Xst:2399 - RAMs <Interfaces/INST_ZestSC1_Host/Mram_FIFOOut16>, <Interfaces/INST_ZestSC1_Host/Mram_FIFOOut10> are equivalent, second RAM is removed
INFO:Xst:2399 - RAMs <Interfaces/INST_ZestSC1_Host/Mram_FIFOOut16>, <Interfaces/INST_ZestSC1_Host/Mram_FIFOOut12> are equivalent, second RAM is removed
INFO:Xst:2399 - RAMs <Interfaces/INST_ZestSC1_Host/Mram_FIFOOut16>, <Interfaces/INST_ZestSC1_Host/Mram_FIFOOut9> are equivalent, second RAM is removed
INFO:Xst:2399 - RAMs <Interfaces/INST_ZestSC1_Host/Mram_FIFOOut16>, <Interfaces/INST_ZestSC1_Host/Mram_FIFOOut8> are equivalent, second RAM is removed
INFO:Xst:2399 - RAMs <Interfaces/INST_ZestSC1_Host/Mram_FIFOOut16>, <Interfaces/INST_ZestSC1_Host/Mram_FIFOOut6> are equivalent, second RAM is removed
INFO:Xst:2399 - RAMs <Interfaces/INST_ZestSC1_Host/Mram_FIFOOut16>, <Interfaces/INST_ZestSC1_Host/Mram_FIFOOut5> are equivalent, second RAM is removed
INFO:Xst:2399 - RAMs <Interfaces/INST_ZestSC1_Host/Mram_FIFOOut16>, <Interfaces/INST_ZestSC1_Host/Mram_FIFOOut7> are equivalent, second RAM is removed
INFO:Xst:2399 - RAMs <Interfaces/INST_ZestSC1_Host/Mram_FIFOOut16>, <Interfaces/INST_ZestSC1_Host/Mram_FIFOOut3> are equivalent, second RAM is removed
INFO:Xst:2399 - RAMs <Interfaces/INST_ZestSC1_Host/Mram_FIFOOut16>, <Interfaces/INST_ZestSC1_Host/Mram_FIFOOut2> are equivalent, second RAM is removed
INFO:Xst:2399 - RAMs <Interfaces/INST_ZestSC1_Host/Mram_FIFOOut16>, <Interfaces/INST_ZestSC1_Host/Mram_FIFOOut4> are equivalent, second RAM is removed
INFO:Xst:2399 - RAMs <Interfaces/INST_ZestSC1_Host/Mram_FIFOOut16>, <Interfaces/INST_ZestSC1_Host/Mram_FIFOOut1> are equivalent, second RAM is removed

Mapping all equations...
Building and optimizing final netlist ...
INFO:Xst:2261 - The FF/Latch <Interfaces/INST_ZestSC1_Host/StreamDataOut_15> in Unit <TASTE> is equivalent to the following 15 FFs/Latches, which will be removed : <Interfaces/INST_ZestSC1_Host/StreamDataOut_14> <Interfaces/INST_ZestSC1_Host/StreamDataOut_13> <Interfaces/INST_ZestSC1_Host/StreamDataOut_12> <Interfaces/INST_ZestSC1_Host/StreamDataOut_11> <Interfaces/INST_ZestSC1_Host/StreamDataOut_10> <Interfaces/INST_ZestSC1_Host/StreamDataOut_9> <Interfaces/INST_ZestSC1_Host/StreamDataOut_8> <Interfaces/INST_ZestSC1_Host/StreamDataOut_7> <Interfaces/INST_ZestSC1_Host/StreamDataOut_6> <Interfaces/INST_ZestSC1_Host/StreamDataOut_5> <Interfaces/INST_ZestSC1_Host/StreamDataOut_4> <Interfaces/INST_ZestSC1_Host/StreamDataOut_3> <Interfaces/INST_ZestSC1_Host/StreamDataOut_2> <Interfaces/INST_ZestSC1_Host/StreamDataOut_1> <Interfaces/INST_ZestSC1_Host/StreamDataOut_0> 
Found area constraint ratio of 100 (+ 5) on block TASTE, actual ratio is 2.

Final Macro Processing ...

=========================================================================
Final Register Report

Macro Statistics
# Registers                                            : 179
 Flip-Flops                                            : 179

=========================================================================

=========================================================================
*                           Partition Report                            *
=========================================================================

Partition Implementation Status
-------------------------------

  No Partitions were found in this design.

-------------------------------

=========================================================================
*                            Final Report                               *
=========================================================================
Final Results
RTL Top Level Output File Name     : TASTE.ngr
Top Level Output File Name         : TASTE
Output Format                      : NGC
Optimization Goal                  : Speed
Keep Hierarchy                     : No

Design Statistics
# IOs                              : 161

Cell Usage :
# BELS                             : 378
#      GND                         : 1
#      INV                         : 23
#      LUT1                        : 21
#      LUT2                        : 47
#      LUT2_D                      : 3
#      LUT3                        : 54
#      LUT3_D                      : 1
#      LUT3_L                      : 4
#      LUT4                        : 122
#      LUT4_D                      : 6
#      LUT4_L                      : 10
#      MUXCY                       : 38
#      MUXF5                       : 13
#      VCC                         : 1
#      XORCY                       : 34
# FlipFlops/Latches                : 180
#      FD                          : 23
#      FDC                         : 24
#      FDCE                        : 37
#      FDE                         : 34
#      FDE_1                       : 26
#      FDP                         : 1
#      FDPE                        : 3
#      FDR                         : 24
#      FDS                         : 7
#      OFDDRCPE                    : 1
# RAMS                             : 1
#      RAM16X1D                    : 1
# Clock Buffers                    : 3
#      BUFG                        : 3
# IO Buffers                       : 149
#      IBUF                        : 23
#      IBUFG                       : 2
#      IOBUF                       : 3
#      OBUF                        : 43
#      OBUFT                       : 78
# DCMs                             : 3
#      DCM                         : 3
# Others                           : 1
#      ROC                         : 1
=========================================================================

Device utilization summary:
---------------------------

Selected Device : 3s1000ft256-5 

 Number of Slices:                      154  out of   7680     2%  
 Number of Slice Flip Flops:            180  out of  15360     1%  
 Number of 4 input LUTs:                293  out of  15360     1%  
    Number used as logic:               291
    Number used as RAMs:                  2
 Number of IOs:                         161
 Number of bonded IOBs:                 150  out of    173    86%  
 Number of GCLKs:                         3  out of      8    37%  
 Number of DCMs:                          3  out of      4    75%  

---------------------------
Partition Resource Summary:
---------------------------

  No Partitions were found in this design.

---------------------------


=========================================================================
TIMING REPORT

NOTE: THESE TIMING NUMBERS ARE ONLY A SYNTHESIS ESTIMATE.
      FOR ACCURATE TIMING INFORMATION PLEASE REFER TO THE TRACE REPORT
      GENERATED AFTER PLACE-and-ROUTE.

Clock Information:
------------------
-----------------------------------+----------------------------------------------------------------------------+-------+
Clock Signal                       | Clock buffer(FF name)                                                      | Load  |
-----------------------------------+----------------------------------------------------------------------------+-------+
USB_RegCLK                         | Interfaces/INST_ZestSC1_Host/RegDCM:CLK0                                   | 150   |
USB_StreamCLK                      | Interfaces/INST_ZestSC1_Host/StreamDCM:CLK0                                | 30    |
USB_RegCLK                         | Interfaces/INST_ZestSC1_Host/RegDCM:CLK0+Interfaces/INST_SRAM/DCM_INST:CLK0| 2     |
-----------------------------------+----------------------------------------------------------------------------+-------+

Asynchronous Control Signals Information:
----------------------------------------
----------------------------------------------------+---------------------------------------------+-------+
Control Signal                                      | Buffer(FF name)                             | Load  |
----------------------------------------------------+---------------------------------------------+-------+
RST(Interfaces/INST_ZestSC1_Host/ROC_1:O)           | NONE(Count_0)                               | 65    |
Interfaces/INST_ZestSC1_Host/RegOutput<3>(XST_GND:G)| NONE(Interfaces/INST_SRAM/OFDDRCPE_CLK_SRAM)| 4     |
----------------------------------------------------+---------------------------------------------+-------+

Timing Summary:
---------------
Speed Grade: -5

   Minimum period: 15.258ns (Maximum Frequency: 65.541MHz)
   Minimum input arrival time before clock: 9.249ns
   Maximum output required time after clock: 8.965ns
   Maximum combinational path delay: 9.179ns

Timing Detail:
--------------
All values displayed in nanoseconds (ns)

=========================================================================
Timing constraint: Default period analysis for Clock 'USB_RegCLK'
  Clock period: 15.258ns (frequency: 65.541MHz)
  Total number of paths / destination ports: 1531 / 234
-------------------------------------------------------------------------
Delay:               7.629ns (Levels of Logic = 6)
  Source:            Interface_accelerator/fc2/fc1_activation/o_3 (FF)
  Destination:       Interface_accelerator/fc3/xnor_pop1/sig_res_7 (FF)
  Source Clock:      USB_RegCLK falling
  Destination Clock: USB_RegCLK rising

  Data Path: Interface_accelerator/fc2/fc1_activation/o_3 to Interface_accelerator/fc3/xnor_pop1/sig_res_7
                                Gate     Net
    Cell:in->out      fanout   Delay   Delay  Logical Name (Net Name)
    ----------------------------------------  ------------
     FDE_1:C->Q            5   0.626   0.842  Interface_accelerator/fc2/fc1_activation/o_3 (Interface_accelerator/fc2/fc1_activation/o_3)
     LUT4:I2->O            1   0.479   0.740  Interface_accelerator/fc3/xnor_pop1/Madd_pop_addsub0002_Madd_xor<0>11_SW1 (N202)
     LUT4:I2->O            2   0.479   0.768  Interface_accelerator/fc3/xnor_pop1/Madd_pop_addsub0004_Madd_xor<0>11 (Interface_accelerator/fc3/xnor_pop1/pop_addsub0004<0>)
     LUT4:I3->O            1   0.479   0.740  Interface_accelerator/fc3/xnor_pop1/Msub_sig_res_sub0000_cy<2>141_SW0 (N204)
     LUT4:I2->O            1   0.479   0.704  Interface_accelerator/fc3/xnor_pop1/Msub_sig_res_sub0000_cy<2>141 (Interface_accelerator/N20)
     LUT4_L:I3->LO         1   0.479   0.159  Interface_accelerator/fc3/xnor_pop1/Msub_sig_res_sub0000_cy<2>11_SW0 (N212)
     LUT3:I2->O            1   0.479   0.000  Interface_accelerator/fc3/xnor_pop1/Msub_sig_res_sub0000_xor<7>161 (Interface_accelerator/fc3/xnor_pop1/sig_res_sub0000<7>)
     FD:D                      0.176          Interface_accelerator/fc3/xnor_pop1/sig_res_7
    ----------------------------------------
    Total                      7.629ns (3.676ns logic, 3.953ns route)
                                       (48.2% logic, 51.8% route)

=========================================================================
Timing constraint: Default period analysis for Clock 'USB_StreamCLK'
  Clock period: 8.961ns (frequency: 111.592MHz)
  Total number of paths / destination ports: 541 / 56
-------------------------------------------------------------------------
Delay:               8.961ns (Levels of Logic = 5)
  Source:            Interfaces/INST_ZestSC1_Host/FIFOOutReadCount_0 (FF)
  Destination:       Interfaces/INST_ZestSC1_Host/StreamRead (FF)
  Source Clock:      USB_StreamCLK rising
  Destination Clock: USB_StreamCLK rising

  Data Path: Interfaces/INST_ZestSC1_Host/FIFOOutReadCount_0 to Interfaces/INST_ZestSC1_Host/StreamRead
                                Gate     Net
    Cell:in->out      fanout   Delay   Delay  Logical Name (Net Name)
    ----------------------------------------  ------------
     FDCE:C->Q             6   0.626   1.148  Interfaces/INST_ZestSC1_Host/FIFOOutReadCount_0 (Interfaces/INST_ZestSC1_Host/FIFOOutReadCount_0)
     LUT4:I0->O            5   0.479   0.842  Interfaces/INST_ZestSC1_Host/StreamDataAvailable_and00001 (Interfaces/INST_ZestSC1_Host/StreamDataAvailable_and0000)
     LUT3:I2->O            4   0.479   0.838  Interfaces/INST_ZestSC1_Host/WriteCycle_mux000111 (N121)
     LUT4:I2->O            4   0.479   1.074  Interfaces/INST_ZestSC1_Host/LastDir_or00011 (Interfaces/INST_ZestSC1_Host/LastDir_mux0000)
     LUT3:I0->O            2   0.479   0.768  Interfaces/INST_ZestSC1_Host/StreamWrite_not0001_SW0 (N55)
     LUT4:I3->O            2   0.479   0.745  Interfaces/INST_ZestSC1_Host/StreamWrite_not0001 (Interfaces/INST_ZestSC1_Host/StreamWrite_not0001)
     FDCE:CE                   0.524          Interfaces/INST_ZestSC1_Host/StreamWrite
    ----------------------------------------
    Total                      8.961ns (3.545ns logic, 5.416ns route)
                                       (39.6% logic, 60.4% route)

=========================================================================
Timing constraint: Default OFFSET IN BEFORE for Clock 'USB_RegCLK'
  Total number of paths / destination ports: 157 / 17
-------------------------------------------------------------------------
Offset:              9.249ns (Levels of Logic = 6)
  Source:            USB_RegAddr<10> (PAD)
  Destination:       accelerator_data_in_1 (FF)
  Destination Clock: USB_RegCLK rising

  Data Path: USB_RegAddr<10> to accelerator_data_in_1
                                Gate     Net
    Cell:in->out      fanout   Delay   Delay  Logical Name (Net Name)
    ----------------------------------------  ------------
     IBUF:I->O             1   0.715   0.976  USB_RegAddr_10_IBUF (USB_RegAddr_10_IBUF)
     LUT3:I0->O            1   0.479   0.976  accelerator_StartCalculationsInternal_cmp_eq00001117 (accelerator_StartCalculationsInternal_cmp_eq00001117)
     LUT3:I0->O            1   0.479   0.851  accelerator_StartCalculationsInternal_cmp_eq00001164_SW0 (N222)
     LUT4:I1->O            3   0.479   1.066  accelerator_StartCalculationsInternal_cmp_eq00001164 (DataOut_and0000)
     LUT3:I0->O            1   0.479   0.976  accelerator_StartCalculationsInternal_cmp_eq000012 (N9)
     LUT4:I0->O            3   0.479   0.771  accelerator_data_in_1_and0000 (accelerator_data_in_1_and0000)
     FDE:CE                    0.524          accelerator_data_in_1
    ----------------------------------------
    Total                      9.249ns (3.634ns logic, 5.615ns route)
                                       (39.3% logic, 60.7% route)

=========================================================================
Timing constraint: Default OFFSET IN BEFORE for Clock 'USB_StreamCLK'
  Total number of paths / destination ports: 12 / 7
-------------------------------------------------------------------------
Offset:              6.077ns (Levels of Logic = 4)
  Source:            USB_StreamFX2Rdy (PAD)
  Destination:       Interfaces/INST_ZestSC1_Host/FX2FIFOEmpty (FF)
  Destination Clock: USB_StreamCLK rising

  Data Path: USB_StreamFX2Rdy to Interfaces/INST_ZestSC1_Host/FX2FIFOEmpty
                                Gate     Net
    Cell:in->out      fanout   Delay   Delay  Logical Name (Net Name)
    ----------------------------------------  ------------
     IBUF:I->O             6   0.715   1.148  USB_StreamFX2Rdy_IBUF (USB_StreamFX2Rdy_IBUF)
     LUT2:I0->O            2   0.479   0.768  Interfaces/INST_ZestSC1_Host/StreamReadStrobe_SW0 (N43)
     LUT4:I3->O            2   0.479   0.804  Interfaces/INST_ZestSC1_Host/StreamReadStrobe (Interfaces/INST_ZestSC1_Host/StreamReadStrobe)
     LUT3:I2->O            1   0.479   0.681  Interfaces/INST_ZestSC1_Host/FX2FIFOEmpty_not00011 (Interfaces/INST_ZestSC1_Host/FX2FIFOEmpty_not0001)
     FDPE:CE                   0.524          Interfaces/INST_ZestSC1_Host/FX2FIFOEmpty
    ----------------------------------------
    Total                      6.077ns (2.676ns logic, 3.401ns route)
                                       (44.0% logic, 56.0% route)

=========================================================================
Timing constraint: Default OFFSET OUT AFTER for Clock 'USB_RegCLK'
  Total number of paths / destination ports: 13 / 13
-------------------------------------------------------------------------
Offset:              7.474ns (Levels of Logic = 2)
  Source:            LEDVal_6 (FF)
  Destination:       IO<45> (PAD)
  Source Clock:      USB_RegCLK rising

  Data Path: LEDVal_6 to IO<45>
                                Gate     Net
    Cell:in->out      fanout   Delay   Delay  Logical Name (Net Name)
    ----------------------------------------  ------------
     FDCE:C->Q             4   0.626   0.779  LEDVal_6 (LEDVal_6)
     INV:I->O              1   0.479   0.681  LEDs<6>1_INV_0 (IO_45_OBUF)
     OBUF:I->O                 4.909          IO_45_OBUF (IO<45>)
    ----------------------------------------
    Total                      7.474ns (6.014ns logic, 1.460ns route)
                                       (80.5% logic, 19.5% route)

=========================================================================
Timing constraint: Default OFFSET OUT AFTER for Clock 'USB_StreamCLK'
  Total number of paths / destination ports: 57 / 20
-------------------------------------------------------------------------
Offset:              8.965ns (Levels of Logic = 3)
  Source:            Interfaces/INST_ZestSC1_Host/ReadCycle (FF)
  Destination:       USB_StreamSLRD_n (PAD)
  Source Clock:      USB_StreamCLK rising

  Data Path: Interfaces/INST_ZestSC1_Host/ReadCycle to USB_StreamSLRD_n
                                Gate     Net
    Cell:in->out      fanout   Delay   Delay  Logical Name (Net Name)
    ----------------------------------------  ------------
     FDC:C->Q              6   0.626   1.023  Interfaces/INST_ZestSC1_Host/ReadCycle (Interfaces/INST_ZestSC1_Host/ReadCycle)
     LUT2:I1->O            2   0.479   0.768  Interfaces/INST_ZestSC1_Host/StreamReadStrobe_SW0 (N43)
     LUT4:I3->O            1   0.479   0.681  Interfaces/INST_ZestSC1_Host/USB_StreamSLRD_n1 (USB_StreamSLRD_n_OBUF)
     OBUF:I->O                 4.909          USB_StreamSLRD_n_OBUF (USB_StreamSLRD_n)
    ----------------------------------------
    Total                      8.965ns (6.493ns logic, 2.472ns route)
                                       (72.4% logic, 27.6% route)

=========================================================================
Timing constraint: Default path analysis
  Total number of paths / destination ports: 25 / 9
-------------------------------------------------------------------------
Delay:               9.179ns (Levels of Logic = 4)
  Source:            USB_StreamFX2Rdy (PAD)
  Destination:       USB_StreamSLRD_n (PAD)

  Data Path: USB_StreamFX2Rdy to USB_StreamSLRD_n
                                Gate     Net
    Cell:in->out      fanout   Delay   Delay  Logical Name (Net Name)
    ----------------------------------------  ------------
     IBUF:I->O             6   0.715   1.148  USB_StreamFX2Rdy_IBUF (USB_StreamFX2Rdy_IBUF)
     LUT2:I0->O            2   0.479   0.768  Interfaces/INST_ZestSC1_Host/StreamReadStrobe_SW0 (N43)
     LUT4:I3->O            1   0.479   0.681  Interfaces/INST_ZestSC1_Host/USB_StreamSLRD_n1 (USB_StreamSLRD_n_OBUF)
     OBUF:I->O                 4.909          USB_StreamSLRD_n_OBUF (USB_StreamSLRD_n)
    ----------------------------------------
    Total                      9.179ns (6.582ns logic, 2.597ns route)
                                       (71.7% logic, 28.3% route)

=========================================================================


Total REAL time to Xst completion: 19.00 secs
Total CPU time to Xst completion: 10.34 secs
 
--> 


Total memory usage is 532068 kilobytes

Number of errors   :    0 (   0 filtered)
Number of warnings :  268 (   0 filtered)
Number of infos    :   27 (   0 filtered)

