Command line:
   fully_connected2_isim_beh.exe
     -simmode  gui
     -simrunnum  1
     -socket  44555

Sat Dec 12 16:22:44 2020


 Elaboration Time: 0.02 sec

 Current Memory Usage: 184.34 Meg

 Total Signals          : 25
 Total Nets             : 60
 Total Signal Drivers   : 10
 Total Blocks           : 6
 Total Primitive Blocks : 5
 Total Processes        : 5
 Total Traceable Variables  : 18
 Total Scalar Nets and Variables : 548
Total Line Count : 33

 Total Simulation Time: 0.08 sec

 Current Memory Usage: 259.842 Meg

Mon Dec 14 18:43:41 2020

