Command line:
   tb_acc_isim_beh.exe
     -simmode  gui
     -simrunnum  0
     -socket  49575

Wed Nov 25 19:44:05 2020


 Elaboration Time: 0.03 sec

 Current Memory Usage: 197.161 Meg

 Total Signals          : 62
 Total Nets             : 309
 Total Signal Drivers   : 14
 Total Blocks           : 10
 Total Primitive Blocks : 8
 Total Processes        : 8
 Total Traceable Variables  : 11
 Total Scalar Nets and Variables : 688
Total Line Count : 24

 Total Simulation Time: 0.08 sec

 Current Memory Usage: 272.663 Meg

Wed Nov 25 19:46:34 2020

